<?xml version="1.0" encoding="UTF-8"?>
<testng-results skipped="0" failed="35" ignored="0" total="100" passed="65">
  <reporter-output>
  </reporter-output>
  <suite name="Default suite" duration-ms="313930" started-at="2017-05-12T10:37:11Z" finished-at="2017-05-12T10:42:25Z">
    <groups>
    </groups>
    <test name="Default test" duration-ms="313930" started-at="2017-05-12T10:37:11Z" finished-at="2017-05-12T10:42:25Z">
      <class name="com.externalApi.CompareDumsToDb">
        <test-method status="PASS" signature="beforesetup()[pri:0, instance:com.externalApi.CompareDumsToDb@1caeb3e]" name="beforesetup" is-config="true" duration-ms="10" started-at="2017-05-12T16:07:11Z" finished-at="2017-05-12T16:07:11Z">
          <reporter-output>
          </reporter-output>
        </test-method> <!-- beforesetup -->
        <test-method status="PASS" signature="login(java.lang.String, java.lang.String, java.lang.String, java.lang.String, java.lang.String, java.lang.String, java.lang.String, java.lang.String, java.lang.String)[pri:0, instance:com.externalApi.CompareDumsToDb@1caeb3e]" name="login" duration-ms="2507" started-at="2017-05-12T16:07:13Z" data-provider="dumps" finished-at="2017-05-12T16:07:15Z">
          <params>
            <param index="0">
              <value>
                <![CDATA[626923.0]]>
              </value>
            </param>
            <param index="1">
              <value>
                <![CDATA[Aloft Dhahran]]>
              </value>
            </param>
            <param index="2">
              <value>
                <![CDATA[King Saud Branch Road Crossing 21st]]>
              </value>
            </param>
            <param index="3">
              <value>
                <![CDATA[]]>
              </value>
            </param>
            <param index="4">
              <value>
                <![CDATA[Al Khobar]]>
              </value>
            </param>
            <param index="5">
              <value>
                <![CDATA[31932.0]]>
              </value>
            </param>
            <param index="6">
              <value>
                <![CDATA[26.30485]]>
              </value>
            </param>
            <param index="7">
              <value>
                <![CDATA[50.17407]]>
              </value>
            </param>
            <param index="8">
              <value>
                <![CDATA[SAR]]>
              </value>
            </param>
          </params>
          <reporter-output>
          </reporter-output>
        </test-method> <!-- login -->
        <test-method status="FAIL" signature="login(java.lang.String, java.lang.String, java.lang.String, java.lang.String, java.lang.String, java.lang.String, java.lang.String, java.lang.String, java.lang.String)[pri:0, instance:com.externalApi.CompareDumsToDb@1caeb3e]" name="login" duration-ms="3046" started-at="2017-05-12T16:07:15Z" data-provider="dumps" finished-at="2017-05-12T16:07:18Z">
          <params>
            <param index="0">
              <value>
                <![CDATA[618751.0]]>
              </value>
            </param>
            <param index="1">
              <value>
                <![CDATA[ZEN Rooms Argyle Street]]>
              </value>
            </param>
            <param index="2">
              <value>
                <![CDATA[No 83 Argyle Street Mongkok]]>
              </value>
            </param>
            <param index="3">
              <value>
                <![CDATA[Room 811-812]]>
              </value>
            </param>
            <param index="4">
              <value>
                <![CDATA[]]>
              </value>
            </param>
            <param index="5">
              <value>
                <![CDATA[]]>
              </value>
            </param>
            <param index="6">
              <value>
                <![CDATA[]]>
              </value>
            </param>
            <param index="7">
              <value>
                <![CDATA[]]>
              </value>
            </param>
            <param index="8">
              <value>
                <![CDATA[]]>
              </value>
            </param>
          </params>
          <exception class="java.lang.AssertionError">
            <message>
              <![CDATA[address expected [No 83 Argyle Street Mongkok Room 811-812] but found [No 83 Argyle Street Mongkok Room 811-812, 8/F, Sincere House]]]>
            </message>
            <full-stacktrace>
              <![CDATA[java.lang.AssertionError: address expected [No 83 Argyle Street Mongkok Room 811-812] but found [No 83 Argyle Street Mongkok Room 811-812, 8/F, Sincere House]
	at org.testng.Assert.fail(Assert.java:94)
	at org.testng.Assert.failNotEquals(Assert.java:513)
	at org.testng.Assert.assertEqualsImpl(Assert.java:135)
	at org.testng.Assert.assertEquals(Assert.java:116)
	at org.testng.Assert.assertEquals(Assert.java:190)
	at com.externalApi.CompareDumsToDb.login(CompareDumsToDb.java:90)
	at sun.reflect.NativeMethodAccessorImpl.invoke0(Native Method)
	at sun.reflect.NativeMethodAccessorImpl.invoke(Unknown Source)
	at sun.reflect.DelegatingMethodAccessorImpl.invoke(Unknown Source)
	at java.lang.reflect.Method.invoke(Unknown Source)
	at org.testng.internal.MethodInvocationHelper.invokeMethod(MethodInvocationHelper.java:104)
	at org.testng.internal.Invoker.invokeMethod(Invoker.java:645)
	at org.testng.internal.Invoker.invokeTestMethod(Invoker.java:851)
	at org.testng.internal.Invoker.invokeTestMethods(Invoker.java:1177)
	at org.testng.internal.TestMethodWorker.invokeTestMethods(TestMethodWorker.java:129)
	at org.testng.internal.TestMethodWorker.run(TestMethodWorker.java:112)
	at org.testng.TestRunner.privateRun(TestRunner.java:756)
	at org.testng.TestRunner.run(TestRunner.java:610)
	at org.testng.SuiteRunner.runTest(SuiteRunner.java:387)
	at org.testng.SuiteRunner.runSequentially(SuiteRunner.java:382)
	at org.testng.SuiteRunner.privateRun(SuiteRunner.java:340)
	at org.testng.SuiteRunner.run(SuiteRunner.java:289)
	at org.testng.SuiteRunnerWorker.runSuite(SuiteRunnerWorker.java:52)
	at org.testng.SuiteRunnerWorker.run(SuiteRunnerWorker.java:86)
	at org.testng.TestNG.runSuitesSequentially(TestNG.java:1293)
	at org.testng.TestNG.runSuitesLocally(TestNG.java:1218)
	at org.testng.TestNG.runSuites(TestNG.java:1133)
	at org.testng.TestNG.run(TestNG.java:1104)
	at org.testng.remote.AbstractRemoteTestNG.run(AbstractRemoteTestNG.java:132)
	at org.testng.remote.RemoteTestNG.initAndRun(RemoteTestNG.java:236)
	at org.testng.remote.RemoteTestNG.main(RemoteTestNG.java:81)
]]>
            </full-stacktrace>
          </exception> <!-- java.lang.AssertionError -->
          <reporter-output>
          </reporter-output>
        </test-method> <!-- login -->
        <test-method status="PASS" signature="login(java.lang.String, java.lang.String, java.lang.String, java.lang.String, java.lang.String, java.lang.String, java.lang.String, java.lang.String, java.lang.String)[pri:0, instance:com.externalApi.CompareDumsToDb@1caeb3e]" name="login" duration-ms="4857" started-at="2017-05-12T16:07:18Z" data-provider="dumps" finished-at="2017-05-12T16:07:23Z">
          <params>
            <param index="0">
              <value>
                <![CDATA[618754.0]]>
              </value>
            </param>
            <param index="1">
              <value>
                <![CDATA[ZEN Premium Uluwatu Complex]]>
              </value>
            </param>
            <param index="2">
              <value>
                <![CDATA[Jalan Uluwatu]]>
              </value>
            </param>
            <param index="3">
              <value>
                <![CDATA[Le Grande Bali]]>
              </value>
            </param>
            <param index="4">
              <value>
                <![CDATA[Pecatu]]>
              </value>
            </param>
            <param index="5">
              <value>
                <![CDATA[80361.0]]>
              </value>
            </param>
            <param index="6">
              <value>
                <![CDATA[-8.80729]]>
              </value>
            </param>
            <param index="7">
              <value>
                <![CDATA[115.13106]]>
              </value>
            </param>
            <param index="8">
              <value>
                <![CDATA[IDR]]>
              </value>
            </param>
          </params>
          <reporter-output>
          </reporter-output>
        </test-method> <!-- login -->
        <test-method status="PASS" signature="login(java.lang.String, java.lang.String, java.lang.String, java.lang.String, java.lang.String, java.lang.String, java.lang.String, java.lang.String, java.lang.String)[pri:0, instance:com.externalApi.CompareDumsToDb@1caeb3e]" name="login" duration-ms="4407" started-at="2017-05-12T16:07:23Z" data-provider="dumps" finished-at="2017-05-12T16:07:28Z">
          <params>
            <param index="0">
              <value>
                <![CDATA[618768.0]]>
              </value>
            </param>
            <param index="1">
              <value>
                <![CDATA[ZEN Rooms Changkat Bukit Bintang]]>
              </value>
            </param>
            <param index="2">
              <value>
                <![CDATA[Jalan Berangan No 13 15 and 17]]>
              </value>
            </param>
            <param index="3">
              <value>
                <![CDATA[The Javelin Boutique Hotel]]>
              </value>
            </param>
            <param index="4">
              <value>
                <![CDATA[Kuala Lumpur]]>
              </value>
            </param>
            <param index="5">
              <value>
                <![CDATA[51200.0]]>
              </value>
            </param>
            <param index="6">
              <value>
                <![CDATA[3.14843]]>
              </value>
            </param>
            <param index="7">
              <value>
                <![CDATA[101.70741]]>
              </value>
            </param>
            <param index="8">
              <value>
                <![CDATA[MYR]]>
              </value>
            </param>
          </params>
          <reporter-output>
          </reporter-output>
        </test-method> <!-- login -->
        <test-method status="PASS" signature="login(java.lang.String, java.lang.String, java.lang.String, java.lang.String, java.lang.String, java.lang.String, java.lang.String, java.lang.String, java.lang.String)[pri:0, instance:com.externalApi.CompareDumsToDb@1caeb3e]" name="login" duration-ms="5133" started-at="2017-05-12T16:07:28Z" data-provider="dumps" finished-at="2017-05-12T16:07:33Z">
          <params>
            <param index="0">
              <value>
                <![CDATA[618834.0]]>
              </value>
            </param>
            <param index="1">
              <value>
                <![CDATA[ZEN Rooms Surya Sumantri Pasteur]]>
              </value>
            </param>
            <param index="2">
              <value>
                <![CDATA[Jl Babakan Jeruk]]>
              </value>
            </param>
            <param index="3">
              <value>
                <![CDATA[SM Residence]]>
              </value>
            </param>
            <param index="4">
              <value>
                <![CDATA[Bandung]]>
              </value>
            </param>
            <param index="5">
              <value>
                <![CDATA[40163.0]]>
              </value>
            </param>
            <param index="6">
              <value>
                <![CDATA[-6.8854]]>
              </value>
            </param>
            <param index="7">
              <value>
                <![CDATA[107.58324]]>
              </value>
            </param>
            <param index="8">
              <value>
                <![CDATA[IDR]]>
              </value>
            </param>
          </params>
          <reporter-output>
          </reporter-output>
        </test-method> <!-- login -->
        <test-method status="FAIL" signature="login(java.lang.String, java.lang.String, java.lang.String, java.lang.String, java.lang.String, java.lang.String, java.lang.String, java.lang.String, java.lang.String)[pri:0, instance:com.externalApi.CompareDumsToDb@1caeb3e]" name="login" duration-ms="5655" started-at="2017-05-12T16:07:33Z" data-provider="dumps" finished-at="2017-05-12T16:07:39Z">
          <params>
            <param index="0">
              <value>
                <![CDATA[618837.0]]>
              </value>
            </param>
            <param index="1">
              <value>
                <![CDATA[ZEN Rooms Antapani Syariah]]>
              </value>
            </param>
            <param index="2">
              <value>
                <![CDATA[Jl. Sekolah]]>
              </value>
            </param>
            <param index="3">
              <value>
                <![CDATA[]]>
              </value>
            </param>
            <param index="4">
              <value>
                <![CDATA[]]>
              </value>
            </param>
            <param index="5">
              <value>
                <![CDATA[]]>
              </value>
            </param>
            <param index="6">
              <value>
                <![CDATA[]]>
              </value>
            </param>
            <param index="7">
              <value>
                <![CDATA[]]>
              </value>
            </param>
            <param index="8">
              <value>
                <![CDATA[]]>
              </value>
            </param>
          </params>
          <exception class="java.lang.AssertionError">
            <message>
              <![CDATA[address expected [Jl. Sekolah ] but found [Jl. Sekolah, Antapani Arinda Guest House]]]>
            </message>
            <full-stacktrace>
              <![CDATA[java.lang.AssertionError: address expected [Jl. Sekolah ] but found [Jl. Sekolah, Antapani Arinda Guest House]
	at org.testng.Assert.fail(Assert.java:94)
	at org.testng.Assert.failNotEquals(Assert.java:513)
	at org.testng.Assert.assertEqualsImpl(Assert.java:135)
	at org.testng.Assert.assertEquals(Assert.java:116)
	at org.testng.Assert.assertEquals(Assert.java:190)
	at com.externalApi.CompareDumsToDb.login(CompareDumsToDb.java:90)
	at sun.reflect.NativeMethodAccessorImpl.invoke0(Native Method)
	at sun.reflect.NativeMethodAccessorImpl.invoke(Unknown Source)
	at sun.reflect.DelegatingMethodAccessorImpl.invoke(Unknown Source)
	at java.lang.reflect.Method.invoke(Unknown Source)
	at org.testng.internal.MethodInvocationHelper.invokeMethod(MethodInvocationHelper.java:104)
	at org.testng.internal.Invoker.invokeMethod(Invoker.java:645)
	at org.testng.internal.Invoker.invokeTestMethod(Invoker.java:851)
	at org.testng.internal.Invoker.invokeTestMethods(Invoker.java:1177)
	at org.testng.internal.TestMethodWorker.invokeTestMethods(TestMethodWorker.java:129)
	at org.testng.internal.TestMethodWorker.run(TestMethodWorker.java:112)
	at org.testng.TestRunner.privateRun(TestRunner.java:756)
	at org.testng.TestRunner.run(TestRunner.java:610)
	at org.testng.SuiteRunner.runTest(SuiteRunner.java:387)
	at org.testng.SuiteRunner.runSequentially(SuiteRunner.java:382)
	at org.testng.SuiteRunner.privateRun(SuiteRunner.java:340)
	at org.testng.SuiteRunner.run(SuiteRunner.java:289)
	at org.testng.SuiteRunnerWorker.runSuite(SuiteRunnerWorker.java:52)
	at org.testng.SuiteRunnerWorker.run(SuiteRunnerWorker.java:86)
	at org.testng.TestNG.runSuitesSequentially(TestNG.java:1293)
	at org.testng.TestNG.runSuitesLocally(TestNG.java:1218)
	at org.testng.TestNG.runSuites(TestNG.java:1133)
	at org.testng.TestNG.run(TestNG.java:1104)
	at org.testng.remote.AbstractRemoteTestNG.run(AbstractRemoteTestNG.java:132)
	at org.testng.remote.RemoteTestNG.initAndRun(RemoteTestNG.java:236)
	at org.testng.remote.RemoteTestNG.main(RemoteTestNG.java:81)
]]>
            </full-stacktrace>
          </exception> <!-- java.lang.AssertionError -->
          <reporter-output>
          </reporter-output>
        </test-method> <!-- login -->
        <test-method status="PASS" signature="login(java.lang.String, java.lang.String, java.lang.String, java.lang.String, java.lang.String, java.lang.String, java.lang.String, java.lang.String, java.lang.String)[pri:0, instance:com.externalApi.CompareDumsToDb@1caeb3e]" name="login" duration-ms="5279" started-at="2017-05-12T16:07:39Z" data-provider="dumps" finished-at="2017-05-12T16:07:44Z">
          <params>
            <param index="0">
              <value>
                <![CDATA[618851.0]]>
              </value>
            </param>
            <param index="1">
              <value>
                <![CDATA[ZEN Rooms Legian Poppies One]]>
              </value>
            </param>
            <param index="2">
              <value>
                <![CDATA[Poppies Lane 1]]>
              </value>
            </param>
            <param index="3">
              <value>
                <![CDATA[]]>
              </value>
            </param>
            <param index="4">
              <value>
                <![CDATA[Kuta]]>
              </value>
            </param>
            <param index="5">
              <value>
                <![CDATA[80361.0]]>
              </value>
            </param>
            <param index="6">
              <value>
                <![CDATA[-8.72076]]>
              </value>
            </param>
            <param index="7">
              <value>
                <![CDATA[115.17248]]>
              </value>
            </param>
            <param index="8">
              <value>
                <![CDATA[IDR]]>
              </value>
            </param>
          </params>
          <reporter-output>
          </reporter-output>
        </test-method> <!-- login -->
        <test-method status="PASS" signature="login(java.lang.String, java.lang.String, java.lang.String, java.lang.String, java.lang.String, java.lang.String, java.lang.String, java.lang.String, java.lang.String)[pri:0, instance:com.externalApi.CompareDumsToDb@1caeb3e]" name="login" duration-ms="4835" started-at="2017-05-12T16:07:44Z" data-provider="dumps" finished-at="2017-05-12T16:07:49Z">
          <params>
            <param index="0">
              <value>
                <![CDATA[618854.0]]>
              </value>
            </param>
            <param index="1">
              <value>
                <![CDATA[ZEN Premium Ekkamai Kaza]]>
              </value>
            </param>
            <param index="2">
              <value>
                <![CDATA[Kaza boutique hotel 94 4 Sukhumvit]]>
              </value>
            </param>
            <param index="3">
              <value>
                <![CDATA[Soi 63 Ekkamai]]>
              </value>
            </param>
            <param index="4">
              <value>
                <![CDATA[Bangkok]]>
              </value>
            </param>
            <param index="5">
              <value>
                <![CDATA[10110.0]]>
              </value>
            </param>
            <param index="6">
              <value>
                <![CDATA[13.72545]]>
              </value>
            </param>
            <param index="7">
              <value>
                <![CDATA[100.58533]]>
              </value>
            </param>
            <param index="8">
              <value>
                <![CDATA[THB]]>
              </value>
            </param>
          </params>
          <reporter-output>
          </reporter-output>
        </test-method> <!-- login -->
        <test-method status="PASS" signature="login(java.lang.String, java.lang.String, java.lang.String, java.lang.String, java.lang.String, java.lang.String, java.lang.String, java.lang.String, java.lang.String)[pri:0, instance:com.externalApi.CompareDumsToDb@1caeb3e]" name="login" duration-ms="5388" started-at="2017-05-12T16:07:49Z" data-provider="dumps" finished-at="2017-05-12T16:07:54Z">
          <params>
            <param index="0">
              <value>
                <![CDATA[618920.0]]>
              </value>
            </param>
            <param index="1">
              <value>
                <![CDATA[ZEN Rooms Sanur Danau Toba]]>
              </value>
            </param>
            <param index="2">
              <value>
                <![CDATA[Jalan Danau Toba No.15]]>
              </value>
            </param>
            <param index="3">
              <value>
                <![CDATA[Puri Mango Hotel]]>
              </value>
            </param>
            <param index="4">
              <value>
                <![CDATA[Denpasar]]>
              </value>
            </param>
            <param index="5">
              <value>
                <![CDATA[80228.0]]>
              </value>
            </param>
            <param index="6">
              <value>
                <![CDATA[-8.68493]]>
              </value>
            </param>
            <param index="7">
              <value>
                <![CDATA[115.26053]]>
              </value>
            </param>
            <param index="8">
              <value>
                <![CDATA[IDR]]>
              </value>
            </param>
          </params>
          <reporter-output>
          </reporter-output>
        </test-method> <!-- login -->
        <test-method status="PASS" signature="login(java.lang.String, java.lang.String, java.lang.String, java.lang.String, java.lang.String, java.lang.String, java.lang.String, java.lang.String, java.lang.String)[pri:0, instance:com.externalApi.CompareDumsToDb@1caeb3e]" name="login" duration-ms="4853" started-at="2017-05-12T16:07:54Z" data-provider="dumps" finished-at="2017-05-12T16:07:59Z">
          <params>
            <param index="0">
              <value>
                <![CDATA[627092.0]]>
              </value>
            </param>
            <param index="1">
              <value>
                <![CDATA[Holiday Inn Abilene - North College Area]]>
              </value>
            </param>
            <param index="2">
              <value>
                <![CDATA[3525 West Lake Road]]>
              </value>
            </param>
            <param index="3">
              <value>
                <![CDATA[]]>
              </value>
            </param>
            <param index="4">
              <value>
                <![CDATA[Abilene]]>
              </value>
            </param>
            <param index="5">
              <value>
                <![CDATA[79601.0]]>
              </value>
            </param>
            <param index="6">
              <value>
                <![CDATA[32.49276]]>
              </value>
            </param>
            <param index="7">
              <value>
                <![CDATA[-99.72313]]>
              </value>
            </param>
            <param index="8">
              <value>
                <![CDATA[USD]]>
              </value>
            </param>
          </params>
          <reporter-output>
          </reporter-output>
        </test-method> <!-- login -->
        <test-method status="PASS" signature="login(java.lang.String, java.lang.String, java.lang.String, java.lang.String, java.lang.String, java.lang.String, java.lang.String, java.lang.String, java.lang.String)[pri:0, instance:com.externalApi.CompareDumsToDb@1caeb3e]" name="login" duration-ms="3810" started-at="2017-05-12T16:07:59Z" data-provider="dumps" finished-at="2017-05-12T16:08:03Z">
          <params>
            <param index="0">
              <value>
                <![CDATA[627109.0]]>
              </value>
            </param>
            <param index="1">
              <value>
                <![CDATA[Andesmar Hotel & Suites]]>
              </value>
            </param>
            <param index="2">
              <value>
                <![CDATA[Av. Grau 466]]>
              </value>
            </param>
            <param index="3">
              <value>
                <![CDATA[Miraflores]]>
              </value>
            </param>
            <param index="4">
              <value>
                <![CDATA[Lima]]>
              </value>
            </param>
            <param index="5">
              <value>
                <![CDATA[]]>
              </value>
            </param>
            <param index="6">
              <value>
                <![CDATA[-12.12296]]>
              </value>
            </param>
            <param index="7">
              <value>
                <![CDATA[-77.03491]]>
              </value>
            </param>
            <param index="8">
              <value>
                <![CDATA[USD]]>
              </value>
            </param>
          </params>
          <reporter-output>
          </reporter-output>
        </test-method> <!-- login -->
        <test-method status="PASS" signature="login(java.lang.String, java.lang.String, java.lang.String, java.lang.String, java.lang.String, java.lang.String, java.lang.String, java.lang.String, java.lang.String)[pri:0, instance:com.externalApi.CompareDumsToDb@1caeb3e]" name="login" duration-ms="3355" started-at="2017-05-12T16:08:03Z" data-provider="dumps" finished-at="2017-05-12T16:08:06Z">
          <params>
            <param index="0">
              <value>
                <![CDATA[627175.0]]>
              </value>
            </param>
            <param index="1">
              <value>
                <![CDATA[Airy Siranindi Sis Al Jufri 17 Palu]]>
              </value>
            </param>
            <param index="2">
              <value>
                <![CDATA[Jalan Sis Aljufri No 17]]>
              </value>
            </param>
            <param index="3">
              <value>
                <![CDATA[]]>
              </value>
            </param>
            <param index="4">
              <value>
                <![CDATA[Palu]]>
              </value>
            </param>
            <param index="5">
              <value>
                <![CDATA[94222.0]]>
              </value>
            </param>
            <param index="6">
              <value>
                <![CDATA[-0.89823]]>
              </value>
            </param>
            <param index="7">
              <value>
                <![CDATA[119.85955]]>
              </value>
            </param>
            <param index="8">
              <value>
                <![CDATA[IDR]]>
              </value>
            </param>
          </params>
          <reporter-output>
          </reporter-output>
        </test-method> <!-- login -->
        <test-method status="PASS" signature="login(java.lang.String, java.lang.String, java.lang.String, java.lang.String, java.lang.String, java.lang.String, java.lang.String, java.lang.String, java.lang.String)[pri:0, instance:com.externalApi.CompareDumsToDb@1caeb3e]" name="login" duration-ms="3830" started-at="2017-05-12T16:08:06Z" data-provider="dumps" finished-at="2017-05-12T16:08:10Z">
          <params>
            <param index="0">
              <value>
                <![CDATA[618937.0]]>
              </value>
            </param>
            <param index="1">
              <value>
                <![CDATA[ZEN Rooms Tanjung Benoa Pratama 2]]>
              </value>
            </param>
            <param index="2">
              <value>
                <![CDATA[Jln Pratama No]]>
              </value>
            </param>
            <param index="3">
              <value>
                <![CDATA[Ion Bali Benoa]]>
              </value>
            </param>
            <param index="4">
              <value>
                <![CDATA[Nusa Dua]]>
              </value>
            </param>
            <param index="5">
              <value>
                <![CDATA[80363.0]]>
              </value>
            </param>
            <param index="6">
              <value>
                <![CDATA[-8.76668]]>
              </value>
            </param>
            <param index="7">
              <value>
                <![CDATA[115.22177]]>
              </value>
            </param>
            <param index="8">
              <value>
                <![CDATA[IDR]]>
              </value>
            </param>
          </params>
          <reporter-output>
          </reporter-output>
        </test-method> <!-- login -->
        <test-method status="PASS" signature="login(java.lang.String, java.lang.String, java.lang.String, java.lang.String, java.lang.String, java.lang.String, java.lang.String, java.lang.String, java.lang.String)[pri:0, instance:com.externalApi.CompareDumsToDb@1caeb3e]" name="login" duration-ms="4358" started-at="2017-05-12T16:08:10Z" data-provider="dumps" finished-at="2017-05-12T16:08:14Z">
          <params>
            <param index="0">
              <value>
                <![CDATA[619003.0]]>
              </value>
            </param>
            <param index="1">
              <value>
                <![CDATA[Arezzo Sport College]]>
              </value>
            </param>
            <param index="2">
              <value>
                <![CDATA[Via di Castelsecco 8H]]>
              </value>
            </param>
            <param index="3">
              <value>
                <![CDATA[]]>
              </value>
            </param>
            <param index="4">
              <value>
                <![CDATA[Arezzo]]>
              </value>
            </param>
            <param index="5">
              <value>
                <![CDATA[52100.0]]>
              </value>
            </param>
            <param index="6">
              <value>
                <![CDATA[43.4544]]>
              </value>
            </param>
            <param index="7">
              <value>
                <![CDATA[11.89509]]>
              </value>
            </param>
            <param index="8">
              <value>
                <![CDATA[EUR]]>
              </value>
            </param>
          </params>
          <reporter-output>
          </reporter-output>
        </test-method> <!-- login -->
        <test-method status="PASS" signature="login(java.lang.String, java.lang.String, java.lang.String, java.lang.String, java.lang.String, java.lang.String, java.lang.String, java.lang.String, java.lang.String)[pri:0, instance:com.externalApi.CompareDumsToDb@1caeb3e]" name="login" duration-ms="4035" started-at="2017-05-12T16:08:14Z" data-provider="dumps" finished-at="2017-05-12T16:08:18Z">
          <params>
            <param index="0">
              <value>
                <![CDATA[568246.0]]>
              </value>
            </param>
            <param index="1">
              <value>
                <![CDATA[Arcadia Villa]]>
              </value>
            </param>
            <param index="2">
              <value>
                <![CDATA[No 10 Ravine Rd]]>
              </value>
            </param>
            <param index="3">
              <value>
                <![CDATA[Bantry Bay]]>
              </value>
            </param>
            <param index="4">
              <value>
                <![CDATA[Cape Town]]>
              </value>
            </param>
            <param index="5">
              <value>
                <![CDATA[]]>
              </value>
            </param>
            <param index="6">
              <value>
                <![CDATA[-33.92735]]>
              </value>
            </param>
            <param index="7">
              <value>
                <![CDATA[18.37906]]>
              </value>
            </param>
            <param index="8">
              <value>
                <![CDATA[ZAR]]>
              </value>
            </param>
          </params>
          <reporter-output>
          </reporter-output>
        </test-method> <!-- login -->
        <test-method status="FAIL" signature="login(java.lang.String, java.lang.String, java.lang.String, java.lang.String, java.lang.String, java.lang.String, java.lang.String, java.lang.String, java.lang.String)[pri:0, instance:com.externalApi.CompareDumsToDb@1caeb3e]" name="login" duration-ms="4413" started-at="2017-05-12T16:08:18Z" data-provider="dumps" finished-at="2017-05-12T16:08:23Z">
          <params>
            <param index="0">
              <value>
                <![CDATA[568263.0]]>
              </value>
            </param>
            <param index="1">
              <value>
                <![CDATA[Sea Haven]]>
              </value>
            </param>
            <param index="2">
              <value>
                <![CDATA[No.37 Clifton 3 1/2 Beach]]>
              </value>
            </param>
            <param index="3">
              <value>
                <![CDATA[]]>
              </value>
            </param>
            <param index="4">
              <value>
                <![CDATA[]]>
              </value>
            </param>
            <param index="5">
              <value>
                <![CDATA[]]>
              </value>
            </param>
            <param index="6">
              <value>
                <![CDATA[]]>
              </value>
            </param>
            <param index="7">
              <value>
                <![CDATA[]]>
              </value>
            </param>
            <param index="8">
              <value>
                <![CDATA[]]>
              </value>
            </param>
          </params>
          <exception class="java.lang.AssertionError">
            <message>
              <![CDATA[address expected [No.37 Clifton 3 1/2 Beach ] but found [No.37 Clifton 3 1/2 Beach, Victoria Rd Clifton]]]>
            </message>
            <full-stacktrace>
              <![CDATA[java.lang.AssertionError: address expected [No.37 Clifton 3 1/2 Beach ] but found [No.37 Clifton 3 1/2 Beach, Victoria Rd Clifton]
	at org.testng.Assert.fail(Assert.java:94)
	at org.testng.Assert.failNotEquals(Assert.java:513)
	at org.testng.Assert.assertEqualsImpl(Assert.java:135)
	at org.testng.Assert.assertEquals(Assert.java:116)
	at org.testng.Assert.assertEquals(Assert.java:190)
	at com.externalApi.CompareDumsToDb.login(CompareDumsToDb.java:90)
	at sun.reflect.NativeMethodAccessorImpl.invoke0(Native Method)
	at sun.reflect.NativeMethodAccessorImpl.invoke(Unknown Source)
	at sun.reflect.DelegatingMethodAccessorImpl.invoke(Unknown Source)
	at java.lang.reflect.Method.invoke(Unknown Source)
	at org.testng.internal.MethodInvocationHelper.invokeMethod(MethodInvocationHelper.java:104)
	at org.testng.internal.Invoker.invokeMethod(Invoker.java:645)
	at org.testng.internal.Invoker.invokeTestMethod(Invoker.java:851)
	at org.testng.internal.Invoker.invokeTestMethods(Invoker.java:1177)
	at org.testng.internal.TestMethodWorker.invokeTestMethods(TestMethodWorker.java:129)
	at org.testng.internal.TestMethodWorker.run(TestMethodWorker.java:112)
	at org.testng.TestRunner.privateRun(TestRunner.java:756)
	at org.testng.TestRunner.run(TestRunner.java:610)
	at org.testng.SuiteRunner.runTest(SuiteRunner.java:387)
	at org.testng.SuiteRunner.runSequentially(SuiteRunner.java:382)
	at org.testng.SuiteRunner.privateRun(SuiteRunner.java:340)
	at org.testng.SuiteRunner.run(SuiteRunner.java:289)
	at org.testng.SuiteRunnerWorker.runSuite(SuiteRunnerWorker.java:52)
	at org.testng.SuiteRunnerWorker.run(SuiteRunnerWorker.java:86)
	at org.testng.TestNG.runSuitesSequentially(TestNG.java:1293)
	at org.testng.TestNG.runSuitesLocally(TestNG.java:1218)
	at org.testng.TestNG.runSuites(TestNG.java:1133)
	at org.testng.TestNG.run(TestNG.java:1104)
	at org.testng.remote.AbstractRemoteTestNG.run(AbstractRemoteTestNG.java:132)
	at org.testng.remote.RemoteTestNG.initAndRun(RemoteTestNG.java:236)
	at org.testng.remote.RemoteTestNG.main(RemoteTestNG.java:81)
]]>
            </full-stacktrace>
          </exception> <!-- java.lang.AssertionError -->
          <reporter-output>
          </reporter-output>
        </test-method> <!-- login -->
        <test-method status="PASS" signature="login(java.lang.String, java.lang.String, java.lang.String, java.lang.String, java.lang.String, java.lang.String, java.lang.String, java.lang.String, java.lang.String)[pri:0, instance:com.externalApi.CompareDumsToDb@1caeb3e]" name="login" duration-ms="4725" started-at="2017-05-12T16:08:23Z" data-provider="dumps" finished-at="2017-05-12T16:08:27Z">
          <params>
            <param index="0">
              <value>
                <![CDATA[568432.0]]>
              </value>
            </param>
            <param index="1">
              <value>
                <![CDATA[Krabi Klong Muang Beach Apartment]]>
              </value>
            </param>
            <param index="2">
              <value>
                <![CDATA[388 Moo 2]]>
              </value>
            </param>
            <param index="3">
              <value>
                <![CDATA[Klong Muang Beach Nong Talay]]>
              </value>
            </param>
            <param index="4">
              <value>
                <![CDATA[Krabi]]>
              </value>
            </param>
            <param index="5">
              <value>
                <![CDATA[81000.0]]>
              </value>
            </param>
            <param index="6">
              <value>
                <![CDATA[8.05147]]>
              </value>
            </param>
            <param index="7">
              <value>
                <![CDATA[98.76077]]>
              </value>
            </param>
            <param index="8">
              <value>
                <![CDATA[THB]]>
              </value>
            </param>
          </params>
          <reporter-output>
          </reporter-output>
        </test-method> <!-- login -->
        <test-method status="PASS" signature="login(java.lang.String, java.lang.String, java.lang.String, java.lang.String, java.lang.String, java.lang.String, java.lang.String, java.lang.String, java.lang.String)[pri:0, instance:com.externalApi.CompareDumsToDb@1caeb3e]" name="login" duration-ms="4627" started-at="2017-05-12T16:08:27Z" data-provider="dumps" finished-at="2017-05-12T16:08:32Z">
          <params>
            <param index="0">
              <value>
                <![CDATA[568546.0]]>
              </value>
            </param>
            <param index="1">
              <value>
                <![CDATA[Indije Mobile Homes]]>
              </value>
            </param>
            <param index="2">
              <value>
                <![CDATA[Indije 96]]>
              </value>
            </param>
            <param index="3">
              <value>
                <![CDATA[]]>
              </value>
            </param>
            <param index="4">
              <value>
                <![CDATA[Medulin]]>
              </value>
            </param>
            <param index="5">
              <value>
                <![CDATA[52203.0]]>
              </value>
            </param>
            <param index="6">
              <value>
                <![CDATA[44.82489]]>
              </value>
            </param>
            <param index="7">
              <value>
                <![CDATA[13.84888]]>
              </value>
            </param>
            <param index="8">
              <value>
                <![CDATA[HRK]]>
              </value>
            </param>
          </params>
          <reporter-output>
          </reporter-output>
        </test-method> <!-- login -->
        <test-method status="PASS" signature="login(java.lang.String, java.lang.String, java.lang.String, java.lang.String, java.lang.String, java.lang.String, java.lang.String, java.lang.String, java.lang.String)[pri:0, instance:com.externalApi.CompareDumsToDb@1caeb3e]" name="login" duration-ms="4955" started-at="2017-05-12T16:08:32Z" data-provider="dumps" finished-at="2017-05-12T16:08:37Z">
          <params>
            <param index="0">
              <value>
                <![CDATA[568632.0]]>
              </value>
            </param>
            <param index="1">
              <value>
                <![CDATA[Ice Apartments Reykjavik]]>
              </value>
            </param>
            <param index="2">
              <value>
                <![CDATA[Laugarvegur 1b]]>
              </value>
            </param>
            <param index="3">
              <value>
                <![CDATA[]]>
              </value>
            </param>
            <param index="4">
              <value>
                <![CDATA[Reykjavik]]>
              </value>
            </param>
            <param index="5">
              <value>
                <![CDATA[IS-101]]>
              </value>
            </param>
            <param index="6">
              <value>
                <![CDATA[64.14655]]>
              </value>
            </param>
            <param index="7">
              <value>
                <![CDATA[-21.93325]]>
              </value>
            </param>
            <param index="8">
              <value>
                <![CDATA[EUR]]>
              </value>
            </param>
          </params>
          <reporter-output>
          </reporter-output>
        </test-method> <!-- login -->
        <test-method status="PASS" signature="login(java.lang.String, java.lang.String, java.lang.String, java.lang.String, java.lang.String, java.lang.String, java.lang.String, java.lang.String, java.lang.String)[pri:0, instance:com.externalApi.CompareDumsToDb@1caeb3e]" name="login" duration-ms="4277" started-at="2017-05-12T16:08:37Z" data-provider="dumps" finished-at="2017-05-12T16:08:41Z">
          <params>
            <param index="0">
              <value>
                <![CDATA[619220.0]]>
              </value>
            </param>
            <param index="1">
              <value>
                <![CDATA[Charles Cotton Hotel]]>
              </value>
            </param>
            <param index="2">
              <value>
                <![CDATA[Market Place]]>
              </value>
            </param>
            <param index="3">
              <value>
                <![CDATA[Hartington]]>
              </value>
            </param>
            <param index="4">
              <value>
                <![CDATA[Buxton]]>
              </value>
            </param>
            <param index="5">
              <value>
                <![CDATA[SK17 0AL]]>
              </value>
            </param>
            <param index="6">
              <value>
                <![CDATA[53.14062]]>
              </value>
            </param>
            <param index="7">
              <value>
                <![CDATA[-1.81004]]>
              </value>
            </param>
            <param index="8">
              <value>
                <![CDATA[GBP]]>
              </value>
            </param>
          </params>
          <reporter-output>
          </reporter-output>
        </test-method> <!-- login -->
        <test-method status="FAIL" signature="login(java.lang.String, java.lang.String, java.lang.String, java.lang.String, java.lang.String, java.lang.String, java.lang.String, java.lang.String, java.lang.String)[pri:0, instance:com.externalApi.CompareDumsToDb@1caeb3e]" name="login" duration-ms="4240" started-at="2017-05-12T16:08:41Z" data-provider="dumps" finished-at="2017-05-12T16:08:46Z">
          <params>
            <param index="0">
              <value>
                <![CDATA[619235.0]]>
              </value>
            </param>
            <param index="1">
              <value>
                <![CDATA[Treebo Corporate Inn]]>
              </value>
            </param>
            <param index="2">
              <value>
                <![CDATA[405 Lane 2]]>
              </value>
            </param>
            <param index="3">
              <value>
                <![CDATA[]]>
              </value>
            </param>
            <param index="4">
              <value>
                <![CDATA[]]>
              </value>
            </param>
            <param index="5">
              <value>
                <![CDATA[]]>
              </value>
            </param>
            <param index="6">
              <value>
                <![CDATA[]]>
              </value>
            </param>
            <param index="7">
              <value>
                <![CDATA[]]>
              </value>
            </param>
            <param index="8">
              <value>
                <![CDATA[]]>
              </value>
            </param>
          </params>
          <exception class="java.lang.AssertionError">
            <message>
              <![CDATA[address expected [405 Lane 2 ] but found [405 Lane 2, Rajapark near Axis Bank,]]]>
            </message>
            <full-stacktrace>
              <![CDATA[java.lang.AssertionError: address expected [405 Lane 2 ] but found [405 Lane 2, Rajapark near Axis Bank,]
	at org.testng.Assert.fail(Assert.java:94)
	at org.testng.Assert.failNotEquals(Assert.java:513)
	at org.testng.Assert.assertEqualsImpl(Assert.java:135)
	at org.testng.Assert.assertEquals(Assert.java:116)
	at org.testng.Assert.assertEquals(Assert.java:190)
	at com.externalApi.CompareDumsToDb.login(CompareDumsToDb.java:90)
	at sun.reflect.GeneratedMethodAccessor1.invoke(Unknown Source)
	at sun.reflect.DelegatingMethodAccessorImpl.invoke(Unknown Source)
	at java.lang.reflect.Method.invoke(Unknown Source)
	at org.testng.internal.MethodInvocationHelper.invokeMethod(MethodInvocationHelper.java:104)
	at org.testng.internal.Invoker.invokeMethod(Invoker.java:645)
	at org.testng.internal.Invoker.invokeTestMethod(Invoker.java:851)
	at org.testng.internal.Invoker.invokeTestMethods(Invoker.java:1177)
	at org.testng.internal.TestMethodWorker.invokeTestMethods(TestMethodWorker.java:129)
	at org.testng.internal.TestMethodWorker.run(TestMethodWorker.java:112)
	at org.testng.TestRunner.privateRun(TestRunner.java:756)
	at org.testng.TestRunner.run(TestRunner.java:610)
	at org.testng.SuiteRunner.runTest(SuiteRunner.java:387)
	at org.testng.SuiteRunner.runSequentially(SuiteRunner.java:382)
	at org.testng.SuiteRunner.privateRun(SuiteRunner.java:340)
	at org.testng.SuiteRunner.run(SuiteRunner.java:289)
	at org.testng.SuiteRunnerWorker.runSuite(SuiteRunnerWorker.java:52)
	at org.testng.SuiteRunnerWorker.run(SuiteRunnerWorker.java:86)
	at org.testng.TestNG.runSuitesSequentially(TestNG.java:1293)
	at org.testng.TestNG.runSuitesLocally(TestNG.java:1218)
	at org.testng.TestNG.runSuites(TestNG.java:1133)
	at org.testng.TestNG.run(TestNG.java:1104)
	at org.testng.remote.AbstractRemoteTestNG.run(AbstractRemoteTestNG.java:132)
	at org.testng.remote.RemoteTestNG.initAndRun(RemoteTestNG.java:236)
	at org.testng.remote.RemoteTestNG.main(RemoteTestNG.java:81)
]]>
            </full-stacktrace>
          </exception> <!-- java.lang.AssertionError -->
          <reporter-output>
          </reporter-output>
        </test-method> <!-- login -->
        <test-method status="PASS" signature="login(java.lang.String, java.lang.String, java.lang.String, java.lang.String, java.lang.String, java.lang.String, java.lang.String, java.lang.String, java.lang.String)[pri:0, instance:com.externalApi.CompareDumsToDb@1caeb3e]" name="login" duration-ms="3856" started-at="2017-05-12T16:08:46Z" data-provider="dumps" finished-at="2017-05-12T16:08:49Z">
          <params>
            <param index="0">
              <value>
                <![CDATA[619286.0]]>
              </value>
            </param>
            <param index="1">
              <value>
                <![CDATA[Hotel Xaluca Dades]]>
              </value>
            </param>
            <param index="2">
              <value>
                <![CDATA[Zone Touristique]]>
              </value>
            </param>
            <param index="3">
              <value>
                <![CDATA[]]>
              </value>
            </param>
            <param index="4">
              <value>
                <![CDATA[Boumalne Dades]]>
              </value>
            </param>
            <param index="5">
              <value>
                <![CDATA[45150.0]]>
              </value>
            </param>
            <param index="6">
              <value>
                <![CDATA[31.37436]]>
              </value>
            </param>
            <param index="7">
              <value>
                <![CDATA[-5.98289]]>
              </value>
            </param>
            <param index="8">
              <value>
                <![CDATA[MAD]]>
              </value>
            </param>
          </params>
          <reporter-output>
          </reporter-output>
        </test-method> <!-- login -->
        <test-method status="FAIL" signature="login(java.lang.String, java.lang.String, java.lang.String, java.lang.String, java.lang.String, java.lang.String, java.lang.String, java.lang.String, java.lang.String)[pri:0, instance:com.externalApi.CompareDumsToDb@1caeb3e]" name="login" duration-ms="3894" started-at="2017-05-12T16:08:49Z" data-provider="dumps" finished-at="2017-05-12T16:08:53Z">
          <params>
            <param index="0">
              <value>
                <![CDATA[619452.0]]>
              </value>
            </param>
            <param index="1">
              <value>
                <![CDATA[Moon's House Hotel (Former Sieng Khaen Laos Guesthouse)]]>
              </value>
            </param>
            <param index="2">
              <value>
                <![CDATA[Thon Kham Road]]>
              </value>
            </param>
            <param index="3">
              <value>
                <![CDATA[]]>
              </value>
            </param>
            <param index="4">
              <value>
                <![CDATA[]]>
              </value>
            </param>
            <param index="5">
              <value>
                <![CDATA[]]>
              </value>
            </param>
            <param index="6">
              <value>
                <![CDATA[]]>
              </value>
            </param>
            <param index="7">
              <value>
                <![CDATA[]]>
              </value>
            </param>
            <param index="8">
              <value>
                <![CDATA[]]>
              </value>
            </param>
          </params>
          <exception class="java.lang.AssertionError">
            <message>
              <![CDATA[address expected [Thon Kham Road ] but found [Thon Kham Road, Ban Thongchaleun ]]]>
            </message>
            <full-stacktrace>
              <![CDATA[java.lang.AssertionError: address expected [Thon Kham Road ] but found [Thon Kham Road, Ban Thongchaleun ]
	at org.testng.Assert.fail(Assert.java:94)
	at org.testng.Assert.failNotEquals(Assert.java:513)
	at org.testng.Assert.assertEqualsImpl(Assert.java:135)
	at org.testng.Assert.assertEquals(Assert.java:116)
	at org.testng.Assert.assertEquals(Assert.java:190)
	at com.externalApi.CompareDumsToDb.login(CompareDumsToDb.java:90)
	at sun.reflect.GeneratedMethodAccessor1.invoke(Unknown Source)
	at sun.reflect.DelegatingMethodAccessorImpl.invoke(Unknown Source)
	at java.lang.reflect.Method.invoke(Unknown Source)
	at org.testng.internal.MethodInvocationHelper.invokeMethod(MethodInvocationHelper.java:104)
	at org.testng.internal.Invoker.invokeMethod(Invoker.java:645)
	at org.testng.internal.Invoker.invokeTestMethod(Invoker.java:851)
	at org.testng.internal.Invoker.invokeTestMethods(Invoker.java:1177)
	at org.testng.internal.TestMethodWorker.invokeTestMethods(TestMethodWorker.java:129)
	at org.testng.internal.TestMethodWorker.run(TestMethodWorker.java:112)
	at org.testng.TestRunner.privateRun(TestRunner.java:756)
	at org.testng.TestRunner.run(TestRunner.java:610)
	at org.testng.SuiteRunner.runTest(SuiteRunner.java:387)
	at org.testng.SuiteRunner.runSequentially(SuiteRunner.java:382)
	at org.testng.SuiteRunner.privateRun(SuiteRunner.java:340)
	at org.testng.SuiteRunner.run(SuiteRunner.java:289)
	at org.testng.SuiteRunnerWorker.runSuite(SuiteRunnerWorker.java:52)
	at org.testng.SuiteRunnerWorker.run(SuiteRunnerWorker.java:86)
	at org.testng.TestNG.runSuitesSequentially(TestNG.java:1293)
	at org.testng.TestNG.runSuitesLocally(TestNG.java:1218)
	at org.testng.TestNG.runSuites(TestNG.java:1133)
	at org.testng.TestNG.run(TestNG.java:1104)
	at org.testng.remote.AbstractRemoteTestNG.run(AbstractRemoteTestNG.java:132)
	at org.testng.remote.RemoteTestNG.initAndRun(RemoteTestNG.java:236)
	at org.testng.remote.RemoteTestNG.main(RemoteTestNG.java:81)
]]>
            </full-stacktrace>
          </exception> <!-- java.lang.AssertionError -->
          <reporter-output>
          </reporter-output>
        </test-method> <!-- login -->
        <test-method status="FAIL" signature="login(java.lang.String, java.lang.String, java.lang.String, java.lang.String, java.lang.String, java.lang.String, java.lang.String, java.lang.String, java.lang.String)[pri:0, instance:com.externalApi.CompareDumsToDb@1caeb3e]" name="login" duration-ms="4264" started-at="2017-05-12T16:08:53Z" data-provider="dumps" finished-at="2017-05-12T16:08:58Z">
          <params>
            <param index="0">
              <value>
                <![CDATA[619472.0]]>
              </value>
            </param>
            <param index="1">
              <value>
                <![CDATA[HOTEL MANHATTAN]]>
              </value>
            </param>
            <param index="2">
              <value>
                <![CDATA[13-11]]>
              </value>
            </param>
            <param index="3">
              <value>
                <![CDATA[]]>
              </value>
            </param>
            <param index="4">
              <value>
                <![CDATA[]]>
              </value>
            </param>
            <param index="5">
              <value>
                <![CDATA[]]>
              </value>
            </param>
            <param index="6">
              <value>
                <![CDATA[]]>
              </value>
            </param>
            <param index="7">
              <value>
                <![CDATA[]]>
              </value>
            </param>
            <param index="8">
              <value>
                <![CDATA[]]>
              </value>
            </param>
          </params>
          <exception class="java.lang.AssertionError">
            <message>
              <![CDATA[address expected [13-11 ] but found [13-11, Teheran-ro 37-gil, Gangnam-gu ]]]>
            </message>
            <full-stacktrace>
              <![CDATA[java.lang.AssertionError: address expected [13-11 ] but found [13-11, Teheran-ro 37-gil, Gangnam-gu ]
	at org.testng.Assert.fail(Assert.java:94)
	at org.testng.Assert.failNotEquals(Assert.java:513)
	at org.testng.Assert.assertEqualsImpl(Assert.java:135)
	at org.testng.Assert.assertEquals(Assert.java:116)
	at org.testng.Assert.assertEquals(Assert.java:190)
	at com.externalApi.CompareDumsToDb.login(CompareDumsToDb.java:90)
	at sun.reflect.GeneratedMethodAccessor1.invoke(Unknown Source)
	at sun.reflect.DelegatingMethodAccessorImpl.invoke(Unknown Source)
	at java.lang.reflect.Method.invoke(Unknown Source)
	at org.testng.internal.MethodInvocationHelper.invokeMethod(MethodInvocationHelper.java:104)
	at org.testng.internal.Invoker.invokeMethod(Invoker.java:645)
	at org.testng.internal.Invoker.invokeTestMethod(Invoker.java:851)
	at org.testng.internal.Invoker.invokeTestMethods(Invoker.java:1177)
	at org.testng.internal.TestMethodWorker.invokeTestMethods(TestMethodWorker.java:129)
	at org.testng.internal.TestMethodWorker.run(TestMethodWorker.java:112)
	at org.testng.TestRunner.privateRun(TestRunner.java:756)
	at org.testng.TestRunner.run(TestRunner.java:610)
	at org.testng.SuiteRunner.runTest(SuiteRunner.java:387)
	at org.testng.SuiteRunner.runSequentially(SuiteRunner.java:382)
	at org.testng.SuiteRunner.privateRun(SuiteRunner.java:340)
	at org.testng.SuiteRunner.run(SuiteRunner.java:289)
	at org.testng.SuiteRunnerWorker.runSuite(SuiteRunnerWorker.java:52)
	at org.testng.SuiteRunnerWorker.run(SuiteRunnerWorker.java:86)
	at org.testng.TestNG.runSuitesSequentially(TestNG.java:1293)
	at org.testng.TestNG.runSuitesLocally(TestNG.java:1218)
	at org.testng.TestNG.runSuites(TestNG.java:1133)
	at org.testng.TestNG.run(TestNG.java:1104)
	at org.testng.remote.AbstractRemoteTestNG.run(AbstractRemoteTestNG.java:132)
	at org.testng.remote.RemoteTestNG.initAndRun(RemoteTestNG.java:236)
	at org.testng.remote.RemoteTestNG.main(RemoteTestNG.java:81)
]]>
            </full-stacktrace>
          </exception> <!-- java.lang.AssertionError -->
          <reporter-output>
          </reporter-output>
        </test-method> <!-- login -->
        <test-method status="FAIL" signature="login(java.lang.String, java.lang.String, java.lang.String, java.lang.String, java.lang.String, java.lang.String, java.lang.String, java.lang.String, java.lang.String)[pri:0, instance:com.externalApi.CompareDumsToDb@1caeb3e]" name="login" duration-ms="4377" started-at="2017-05-12T16:08:58Z" data-provider="dumps" finished-at="2017-05-12T16:09:02Z">
          <params>
            <param index="0">
              <value>
                <![CDATA[620308.0]]>
              </value>
            </param>
            <param index="1">
              <value>
                <![CDATA[Apartments Srebreno]]>
              </value>
            </param>
            <param index="2">
              <value>
                <![CDATA[Setaliste Dr. Franje Tudjmana 17]]>
              </value>
            </param>
            <param index="3">
              <value>
                <![CDATA[]]>
              </value>
            </param>
            <param index="4">
              <value>
                <![CDATA[]]>
              </value>
            </param>
            <param index="5">
              <value>
                <![CDATA[]]>
              </value>
            </param>
            <param index="6">
              <value>
                <![CDATA[]]>
              </value>
            </param>
            <param index="7">
              <value>
                <![CDATA[]]>
              </value>
            </param>
            <param index="8">
              <value>
                <![CDATA[]]>
              </value>
            </param>
          </params>
          <exception class="java.lang.AssertionError">
            <message>
              <![CDATA[address expected [Setaliste Dr. Franje Tudjmana 17 ] but found [Setaliste Dr. Franje Tudjmana 17, Mlini ]]]>
            </message>
            <full-stacktrace>
              <![CDATA[java.lang.AssertionError: address expected [Setaliste Dr. Franje Tudjmana 17 ] but found [Setaliste Dr. Franje Tudjmana 17, Mlini ]
	at org.testng.Assert.fail(Assert.java:94)
	at org.testng.Assert.failNotEquals(Assert.java:513)
	at org.testng.Assert.assertEqualsImpl(Assert.java:135)
	at org.testng.Assert.assertEquals(Assert.java:116)
	at org.testng.Assert.assertEquals(Assert.java:190)
	at com.externalApi.CompareDumsToDb.login(CompareDumsToDb.java:90)
	at sun.reflect.GeneratedMethodAccessor1.invoke(Unknown Source)
	at sun.reflect.DelegatingMethodAccessorImpl.invoke(Unknown Source)
	at java.lang.reflect.Method.invoke(Unknown Source)
	at org.testng.internal.MethodInvocationHelper.invokeMethod(MethodInvocationHelper.java:104)
	at org.testng.internal.Invoker.invokeMethod(Invoker.java:645)
	at org.testng.internal.Invoker.invokeTestMethod(Invoker.java:851)
	at org.testng.internal.Invoker.invokeTestMethods(Invoker.java:1177)
	at org.testng.internal.TestMethodWorker.invokeTestMethods(TestMethodWorker.java:129)
	at org.testng.internal.TestMethodWorker.run(TestMethodWorker.java:112)
	at org.testng.TestRunner.privateRun(TestRunner.java:756)
	at org.testng.TestRunner.run(TestRunner.java:610)
	at org.testng.SuiteRunner.runTest(SuiteRunner.java:387)
	at org.testng.SuiteRunner.runSequentially(SuiteRunner.java:382)
	at org.testng.SuiteRunner.privateRun(SuiteRunner.java:340)
	at org.testng.SuiteRunner.run(SuiteRunner.java:289)
	at org.testng.SuiteRunnerWorker.runSuite(SuiteRunnerWorker.java:52)
	at org.testng.SuiteRunnerWorker.run(SuiteRunnerWorker.java:86)
	at org.testng.TestNG.runSuitesSequentially(TestNG.java:1293)
	at org.testng.TestNG.runSuitesLocally(TestNG.java:1218)
	at org.testng.TestNG.runSuites(TestNG.java:1133)
	at org.testng.TestNG.run(TestNG.java:1104)
	at org.testng.remote.AbstractRemoteTestNG.run(AbstractRemoteTestNG.java:132)
	at org.testng.remote.RemoteTestNG.initAndRun(RemoteTestNG.java:236)
	at org.testng.remote.RemoteTestNG.main(RemoteTestNG.java:81)
]]>
            </full-stacktrace>
          </exception> <!-- java.lang.AssertionError -->
          <reporter-output>
          </reporter-output>
        </test-method> <!-- login -->
        <test-method status="FAIL" signature="login(java.lang.String, java.lang.String, java.lang.String, java.lang.String, java.lang.String, java.lang.String, java.lang.String, java.lang.String, java.lang.String)[pri:0, instance:com.externalApi.CompareDumsToDb@1caeb3e]" name="login" duration-ms="4205" started-at="2017-05-12T16:09:02Z" data-provider="dumps" finished-at="2017-05-12T16:09:06Z">
          <params>
            <param index="0">
              <value>
                <![CDATA[620371.0]]>
              </value>
            </param>
            <param index="1">
              <value>
                <![CDATA[Villa Zuzu]]>
              </value>
            </param>
            <param index="2">
              <value>
                <![CDATA[2 Demokritos Street]]>
              </value>
            </param>
            <param index="3">
              <value>
                <![CDATA[]]>
              </value>
            </param>
            <param index="4">
              <value>
                <![CDATA[]]>
              </value>
            </param>
            <param index="5">
              <value>
                <![CDATA[]]>
              </value>
            </param>
            <param index="6">
              <value>
                <![CDATA[]]>
              </value>
            </param>
            <param index="7">
              <value>
                <![CDATA[]]>
              </value>
            </param>
            <param index="8">
              <value>
                <![CDATA[]]>
              </value>
            </param>
          </params>
          <exception class="java.lang.AssertionError">
            <message>
              <![CDATA[address expected [2 Demokritos Street ] but found [2 Demokritos Street, Leoforos Protara Tsoukas Seafront Villas]]]>
            </message>
            <full-stacktrace>
              <![CDATA[java.lang.AssertionError: address expected [2 Demokritos Street ] but found [2 Demokritos Street, Leoforos Protara Tsoukas Seafront Villas]
	at org.testng.Assert.fail(Assert.java:94)
	at org.testng.Assert.failNotEquals(Assert.java:513)
	at org.testng.Assert.assertEqualsImpl(Assert.java:135)
	at org.testng.Assert.assertEquals(Assert.java:116)
	at org.testng.Assert.assertEquals(Assert.java:190)
	at com.externalApi.CompareDumsToDb.login(CompareDumsToDb.java:90)
	at sun.reflect.GeneratedMethodAccessor1.invoke(Unknown Source)
	at sun.reflect.DelegatingMethodAccessorImpl.invoke(Unknown Source)
	at java.lang.reflect.Method.invoke(Unknown Source)
	at org.testng.internal.MethodInvocationHelper.invokeMethod(MethodInvocationHelper.java:104)
	at org.testng.internal.Invoker.invokeMethod(Invoker.java:645)
	at org.testng.internal.Invoker.invokeTestMethod(Invoker.java:851)
	at org.testng.internal.Invoker.invokeTestMethods(Invoker.java:1177)
	at org.testng.internal.TestMethodWorker.invokeTestMethods(TestMethodWorker.java:129)
	at org.testng.internal.TestMethodWorker.run(TestMethodWorker.java:112)
	at org.testng.TestRunner.privateRun(TestRunner.java:756)
	at org.testng.TestRunner.run(TestRunner.java:610)
	at org.testng.SuiteRunner.runTest(SuiteRunner.java:387)
	at org.testng.SuiteRunner.runSequentially(SuiteRunner.java:382)
	at org.testng.SuiteRunner.privateRun(SuiteRunner.java:340)
	at org.testng.SuiteRunner.run(SuiteRunner.java:289)
	at org.testng.SuiteRunnerWorker.runSuite(SuiteRunnerWorker.java:52)
	at org.testng.SuiteRunnerWorker.run(SuiteRunnerWorker.java:86)
	at org.testng.TestNG.runSuitesSequentially(TestNG.java:1293)
	at org.testng.TestNG.runSuitesLocally(TestNG.java:1218)
	at org.testng.TestNG.runSuites(TestNG.java:1133)
	at org.testng.TestNG.run(TestNG.java:1104)
	at org.testng.remote.AbstractRemoteTestNG.run(AbstractRemoteTestNG.java:132)
	at org.testng.remote.RemoteTestNG.initAndRun(RemoteTestNG.java:236)
	at org.testng.remote.RemoteTestNG.main(RemoteTestNG.java:81)
]]>
            </full-stacktrace>
          </exception> <!-- java.lang.AssertionError -->
          <reporter-output>
          </reporter-output>
        </test-method> <!-- login -->
        <test-method status="FAIL" signature="login(java.lang.String, java.lang.String, java.lang.String, java.lang.String, java.lang.String, java.lang.String, java.lang.String, java.lang.String, java.lang.String)[pri:0, instance:com.externalApi.CompareDumsToDb@1caeb3e]" name="login" duration-ms="4725" started-at="2017-05-12T16:09:06Z" data-provider="dumps" finished-at="2017-05-12T16:09:11Z">
          <params>
            <param index="0">
              <value>
                <![CDATA[629597.0]]>
              </value>
            </param>
            <param index="1">
              <value>
                <![CDATA[Aumpai Luxury]]>
              </value>
            </param>
            <param index="2">
              <value>
                <![CDATA[124/490 Moo 3]]>
              </value>
            </param>
            <param index="3">
              <value>
                <![CDATA[]]>
              </value>
            </param>
            <param index="4">
              <value>
                <![CDATA[]]>
              </value>
            </param>
            <param index="5">
              <value>
                <![CDATA[]]>
              </value>
            </param>
            <param index="6">
              <value>
                <![CDATA[]]>
              </value>
            </param>
            <param index="7">
              <value>
                <![CDATA[]]>
              </value>
            </param>
            <param index="8">
              <value>
                <![CDATA[]]>
              </value>
            </param>
          </params>
          <exception class="java.lang.AssertionError">
            <message>
              <![CDATA[address expected [124/490 Moo 3 ] but found [124/490 Moo 3, Soi Aumpai Lamai Beach]]]>
            </message>
            <full-stacktrace>
              <![CDATA[java.lang.AssertionError: address expected [124/490 Moo 3 ] but found [124/490 Moo 3, Soi Aumpai Lamai Beach]
	at org.testng.Assert.fail(Assert.java:94)
	at org.testng.Assert.failNotEquals(Assert.java:513)
	at org.testng.Assert.assertEqualsImpl(Assert.java:135)
	at org.testng.Assert.assertEquals(Assert.java:116)
	at org.testng.Assert.assertEquals(Assert.java:190)
	at com.externalApi.CompareDumsToDb.login(CompareDumsToDb.java:90)
	at sun.reflect.GeneratedMethodAccessor1.invoke(Unknown Source)
	at sun.reflect.DelegatingMethodAccessorImpl.invoke(Unknown Source)
	at java.lang.reflect.Method.invoke(Unknown Source)
	at org.testng.internal.MethodInvocationHelper.invokeMethod(MethodInvocationHelper.java:104)
	at org.testng.internal.Invoker.invokeMethod(Invoker.java:645)
	at org.testng.internal.Invoker.invokeTestMethod(Invoker.java:851)
	at org.testng.internal.Invoker.invokeTestMethods(Invoker.java:1177)
	at org.testng.internal.TestMethodWorker.invokeTestMethods(TestMethodWorker.java:129)
	at org.testng.internal.TestMethodWorker.run(TestMethodWorker.java:112)
	at org.testng.TestRunner.privateRun(TestRunner.java:756)
	at org.testng.TestRunner.run(TestRunner.java:610)
	at org.testng.SuiteRunner.runTest(SuiteRunner.java:387)
	at org.testng.SuiteRunner.runSequentially(SuiteRunner.java:382)
	at org.testng.SuiteRunner.privateRun(SuiteRunner.java:340)
	at org.testng.SuiteRunner.run(SuiteRunner.java:289)
	at org.testng.SuiteRunnerWorker.runSuite(SuiteRunnerWorker.java:52)
	at org.testng.SuiteRunnerWorker.run(SuiteRunnerWorker.java:86)
	at org.testng.TestNG.runSuitesSequentially(TestNG.java:1293)
	at org.testng.TestNG.runSuitesLocally(TestNG.java:1218)
	at org.testng.TestNG.runSuites(TestNG.java:1133)
	at org.testng.TestNG.run(TestNG.java:1104)
	at org.testng.remote.AbstractRemoteTestNG.run(AbstractRemoteTestNG.java:132)
	at org.testng.remote.RemoteTestNG.initAndRun(RemoteTestNG.java:236)
	at org.testng.remote.RemoteTestNG.main(RemoteTestNG.java:81)
]]>
            </full-stacktrace>
          </exception> <!-- java.lang.AssertionError -->
          <reporter-output>
          </reporter-output>
        </test-method> <!-- login -->
        <test-method status="PASS" signature="login(java.lang.String, java.lang.String, java.lang.String, java.lang.String, java.lang.String, java.lang.String, java.lang.String, java.lang.String, java.lang.String)[pri:0, instance:com.externalApi.CompareDumsToDb@1caeb3e]" name="login" duration-ms="6835" started-at="2017-05-12T16:09:11Z" data-provider="dumps" finished-at="2017-05-12T16:09:18Z">
          <params>
            <param index="0">
              <value>
                <![CDATA[629680.0]]>
              </value>
            </param>
            <param index="1">
              <value>
                <![CDATA[Bardin]]>
              </value>
            </param>
            <param index="2">
              <value>
                <![CDATA[Pionersky Prospekt 12]]>
              </value>
            </param>
            <param index="3">
              <value>
                <![CDATA[]]>
              </value>
            </param>
            <param index="4">
              <value>
                <![CDATA[Novokuznetsk]]>
              </value>
            </param>
            <param index="5">
              <value>
                <![CDATA[654027.0]]>
              </value>
            </param>
            <param index="6">
              <value>
                <![CDATA[53.76074]]>
              </value>
            </param>
            <param index="7">
              <value>
                <![CDATA[87.1089]]>
              </value>
            </param>
            <param index="8">
              <value>
                <![CDATA[RUB]]>
              </value>
            </param>
          </params>
          <reporter-output>
          </reporter-output>
        </test-method> <!-- login -->
        <test-method status="PASS" signature="login(java.lang.String, java.lang.String, java.lang.String, java.lang.String, java.lang.String, java.lang.String, java.lang.String, java.lang.String, java.lang.String)[pri:0, instance:com.externalApi.CompareDumsToDb@1caeb3e]" name="login" duration-ms="4393" started-at="2017-05-12T16:09:18Z" data-provider="dumps" finished-at="2017-05-12T16:09:22Z">
          <params>
            <param index="0">
              <value>
                <![CDATA[629814.0]]>
              </value>
            </param>
            <param index="1">
              <value>
                <![CDATA[Hotel Select Inn Mishima]]>
              </value>
            </param>
            <param index="2">
              <value>
                <![CDATA[Chuo-cho 4-6]]>
              </value>
            </param>
            <param index="3">
              <value>
                <![CDATA[]]>
              </value>
            </param>
            <param index="4">
              <value>
                <![CDATA[Mishima]]>
              </value>
            </param>
            <param index="5">
              <value>
                <![CDATA[411-0858]]>
              </value>
            </param>
            <param index="6">
              <value>
                <![CDATA[35.11983]]>
              </value>
            </param>
            <param index="7">
              <value>
                <![CDATA[138.91727]]>
              </value>
            </param>
            <param index="8">
              <value>
                <![CDATA[JPY]]>
              </value>
            </param>
          </params>
          <reporter-output>
          </reporter-output>
        </test-method> <!-- login -->
        <test-method status="PASS" signature="login(java.lang.String, java.lang.String, java.lang.String, java.lang.String, java.lang.String, java.lang.String, java.lang.String, java.lang.String, java.lang.String)[pri:0, instance:com.externalApi.CompareDumsToDb@1caeb3e]" name="login" duration-ms="6713" started-at="2017-05-12T16:09:22Z" data-provider="dumps" finished-at="2017-05-12T16:09:29Z">
          <params>
            <param index="0">
              <value>
                <![CDATA[629817.0]]>
              </value>
            </param>
            <param index="1">
              <value>
                <![CDATA[Hotel Select Inn Nagano]]>
              </value>
            </param>
            <param index="2">
              <value>
                <![CDATA[Minami-chitosemachi 965]]>
              </value>
            </param>
            <param index="3">
              <value>
                <![CDATA[]]>
              </value>
            </param>
            <param index="4">
              <value>
                <![CDATA[Nagano]]>
              </value>
            </param>
            <param index="5">
              <value>
                <![CDATA[380-0822]]>
              </value>
            </param>
            <param index="6">
              <value>
                <![CDATA[36.64746]]>
              </value>
            </param>
            <param index="7">
              <value>
                <![CDATA[138.18875]]>
              </value>
            </param>
            <param index="8">
              <value>
                <![CDATA[JPY]]>
              </value>
            </param>
          </params>
          <reporter-output>
          </reporter-output>
        </test-method> <!-- login -->
        <test-method status="FAIL" signature="login(java.lang.String, java.lang.String, java.lang.String, java.lang.String, java.lang.String, java.lang.String, java.lang.String, java.lang.String, java.lang.String)[pri:0, instance:com.externalApi.CompareDumsToDb@1caeb3e]" name="login" duration-ms="2871" started-at="2017-05-12T16:09:29Z" data-provider="dumps" finished-at="2017-05-12T16:09:32Z">
          <params>
            <param index="0">
              <value>
                <![CDATA[629834.0]]>
              </value>
            </param>
            <param index="1">
              <value>
                <![CDATA[Boulder Garden Hotel]]>
              </value>
            </param>
            <param index="2">
              <value>
                <![CDATA[Sinharaja Road]]>
              </value>
            </param>
            <param index="3">
              <value>
                <![CDATA[]]>
              </value>
            </param>
            <param index="4">
              <value>
                <![CDATA[]]>
              </value>
            </param>
            <param index="5">
              <value>
                <![CDATA[]]>
              </value>
            </param>
            <param index="6">
              <value>
                <![CDATA[]]>
              </value>
            </param>
            <param index="7">
              <value>
                <![CDATA[]]>
              </value>
            </param>
            <param index="8">
              <value>
                <![CDATA[]]>
              </value>
            </param>
          </params>
          <exception class="java.lang.AssertionError">
            <message>
              <![CDATA[address expected [Sinharaja Road ] but found [Sinharaja Road, Koswatte,]]]>
            </message>
            <full-stacktrace>
              <![CDATA[java.lang.AssertionError: address expected [Sinharaja Road ] but found [Sinharaja Road, Koswatte,]
	at org.testng.Assert.fail(Assert.java:94)
	at org.testng.Assert.failNotEquals(Assert.java:513)
	at org.testng.Assert.assertEqualsImpl(Assert.java:135)
	at org.testng.Assert.assertEquals(Assert.java:116)
	at org.testng.Assert.assertEquals(Assert.java:190)
	at com.externalApi.CompareDumsToDb.login(CompareDumsToDb.java:90)
	at sun.reflect.GeneratedMethodAccessor1.invoke(Unknown Source)
	at sun.reflect.DelegatingMethodAccessorImpl.invoke(Unknown Source)
	at java.lang.reflect.Method.invoke(Unknown Source)
	at org.testng.internal.MethodInvocationHelper.invokeMethod(MethodInvocationHelper.java:104)
	at org.testng.internal.Invoker.invokeMethod(Invoker.java:645)
	at org.testng.internal.Invoker.invokeTestMethod(Invoker.java:851)
	at org.testng.internal.Invoker.invokeTestMethods(Invoker.java:1177)
	at org.testng.internal.TestMethodWorker.invokeTestMethods(TestMethodWorker.java:129)
	at org.testng.internal.TestMethodWorker.run(TestMethodWorker.java:112)
	at org.testng.TestRunner.privateRun(TestRunner.java:756)
	at org.testng.TestRunner.run(TestRunner.java:610)
	at org.testng.SuiteRunner.runTest(SuiteRunner.java:387)
	at org.testng.SuiteRunner.runSequentially(SuiteRunner.java:382)
	at org.testng.SuiteRunner.privateRun(SuiteRunner.java:340)
	at org.testng.SuiteRunner.run(SuiteRunner.java:289)
	at org.testng.SuiteRunnerWorker.runSuite(SuiteRunnerWorker.java:52)
	at org.testng.SuiteRunnerWorker.run(SuiteRunnerWorker.java:86)
	at org.testng.TestNG.runSuitesSequentially(TestNG.java:1293)
	at org.testng.TestNG.runSuitesLocally(TestNG.java:1218)
	at org.testng.TestNG.runSuites(TestNG.java:1133)
	at org.testng.TestNG.run(TestNG.java:1104)
	at org.testng.remote.AbstractRemoteTestNG.run(AbstractRemoteTestNG.java:132)
	at org.testng.remote.RemoteTestNG.initAndRun(RemoteTestNG.java:236)
	at org.testng.remote.RemoteTestNG.main(RemoteTestNG.java:81)
]]>
            </full-stacktrace>
[...]
	at sun.reflect.GeneratedMethodAccessor1.invoke(Unknown Source)
	at sun.reflect.DelegatingMethodAccessorImpl.invoke(Unknown Source)
	at java.lang.reflect.Method.invoke(Unknown Source)
	at org.testng.internal.MethodInvocationHelper.invokeMethod(MethodInvocationHelper.java:104)
	at org.testng.internal.Invoker.invokeMethod(Invoker.java:645)
	at org.testng.internal.Invoker.invokeTestMethod(Invoker.java:851)
	at org.testng.internal.Invoker.invokeTestMethods(Invoker.java:1177)
	at org.testng.internal.TestMethodWorker.invokeTestMethods(TestMethodWorker.java:129)
	at org.testng.internal.TestMethodWorker.run(TestMethodWorker.java:112)
	at org.testng.TestRunner.privateRun(TestRunner.java:756)
	at org.testng.TestRunner.run(TestRunner.java:610)
	at org.testng.SuiteRunner.runTest(SuiteRunner.java:387)
	at org.testng.SuiteRunner.runSequentially(SuiteRunner.java:382)
	at org.testng.SuiteRunner.privateRun(SuiteRunner.java:340)
	at org.testng.SuiteRunner.run(SuiteRunner.java:289)
	at org.testng.SuiteRunnerWorker.runSuite(SuiteRunnerWorker.java:52)
	at org.testng.SuiteRunnerWorker.run(SuiteRunnerWorker.java:86)
	at org.testng.TestNG.runSuitesSequentially(TestNG.java:1293)
	at org.testng.TestNG.runSuitesLocally(TestNG.java:1218)
	at org.testng.TestNG.runSuites(TestNG.java:1133)
	at org.testng.TestNG.run(TestNG.java:1104)
	at org.testng.remote.AbstractRemoteTestNG.run(AbstractRemoteTestNG.java:132)
	at org.testng.remote.RemoteTestNG.initAndRun(RemoteTestNG.java:236)
	at org.testng.remote.RemoteTestNG.main(RemoteTestNG.java:81)
]]>
            </full-stacktrace>
          </exception> <!-- java.lang.AssertionError -->
          <reporter-output>
          </reporter-output>
        </test-method> <!-- login -->
        <test-method status="FAIL" signature="login(java.lang.String, java.lang.String, java.lang.String, java.lang.String, java.lang.String, java.lang.String, java.lang.String, java.lang.String, java.lang.String)[pri:0, instance:com.externalApi.CompareDumsToDb@1caeb3e]" name="login" duration-ms="2247" started-at="2017-05-12T16:12:13Z" data-provider="dumps" finished-at="2017-05-12T16:12:15Z">
          <params>
            <param index="0">
              <value>
                <![CDATA[654211.0]]>
              </value>
            </param>
            <param index="1">
              <value>
                <![CDATA[EQC Hotel 694]]>
              </value>
            </param>
            <param index="2">
              <value>
                <![CDATA[1234 Test Street]]>
              </value>
            </param>
            <param index="3">
              <value>
                <![CDATA[]]>
              </value>
            </param>
            <param index="4">
              <value>
                <![CDATA[RÃ©gion Test]]>
              </value>
            </param>
            <param index="5">
              <value>
                <![CDATA[]]>
              </value>
            </param>
            <param index="6">
              <value>
                <![CDATA[0.0015]]>
              </value>
            </param>
            <param index="7">
              <value>
                <![CDATA[179.9985]]>
              </value>
            </param>
            <param index="8">
              <value>
                <![CDATA[]]>
              </value>
            </param>
          </params>
          <exception class="java.lang.AssertionError">
            <message>
              <![CDATA[ota_hotel_code expected [654211] but found [null]]]>
            </message>
            <full-stacktrace>
              <![CDATA[java.lang.AssertionError: ota_hotel_code expected [654211] but found [null]
	at org.testng.Assert.fail(Assert.java:94)
	at org.testng.Assert.failNotEquals(Assert.java:513)
	at org.testng.Assert.assertEqualsImpl(Assert.java:130)
	at org.testng.Assert.assertEquals(Assert.java:116)
	at org.testng.Assert.assertEquals(Assert.java:190)
	at com.externalApi.CompareDumsToDb.login(CompareDumsToDb.java:88)
	at sun.reflect.GeneratedMethodAccessor1.invoke(Unknown Source)
	at sun.reflect.DelegatingMethodAccessorImpl.invoke(Unknown Source)
	at java.lang.reflect.Method.invoke(Unknown Source)
	at org.testng.internal.MethodInvocationHelper.invokeMethod(MethodInvocationHelper.java:104)
	at org.testng.internal.Invoker.invokeMethod(Invoker.java:645)
	at org.testng.internal.Invoker.invokeTestMethod(Invoker.java:851)
	at org.testng.internal.Invoker.invokeTestMethods(Invoker.java:1177)
	at org.testng.internal.TestMethodWorker.invokeTestMethods(TestMethodWorker.java:129)
	at org.testng.internal.TestMethodWorker.run(TestMethodWorker.java:112)
	at org.testng.TestRunner.privateRun(TestRunner.java:756)
	at org.testng.TestRunner.run(TestRunner.java:610)
	at org.testng.SuiteRunner.runTest(SuiteRunner.java:387)
	at org.testng.SuiteRunner.runSequentially(SuiteRunner.java:382)
	at org.testng.SuiteRunner.privateRun(SuiteRunner.java:340)
	at org.testng.SuiteRunner.run(SuiteRunner.java:289)
	at org.testng.SuiteRunnerWorker.runSuite(SuiteRunnerWorker.java:52)
	at org.testng.SuiteRunnerWorker.run(SuiteRunnerWorker.java:86)
	at org.testng.TestNG.runSuitesSequentially(TestNG.java:1293)
	at org.testng.TestNG.runSuitesLocally(TestNG.java:1218)
	at org.testng.TestNG.runSuites(TestNG.java:1133)
	at org.testng.TestNG.run(TestNG.java:1104)
	at org.testng.remote.AbstractRemoteTestNG.run(AbstractRemoteTestNG.java:132)
	at org.testng.remote.RemoteTestNG.initAndRun(RemoteTestNG.java:236)
	at org.testng.remote.RemoteTestNG.main(RemoteTestNG.java:81)
]]>
            </full-stacktrace>
          </exception> <!-- java.lang.AssertionError -->
          <reporter-output>
          </reporter-output>
        </test-method> <!-- login -->
        <test-method status="FAIL" signature="login(java.lang.String, java.lang.String, java.lang.String, java.lang.String, java.lang.String, java.lang.String, java.lang.String, java.lang.String, java.lang.String)[pri:0, instance:com.externalApi.CompareDumsToDb@1caeb3e]" name="login" duration-ms="2307" started-at="2017-05-12T16:12:15Z" data-provider="dumps" finished-at="2017-05-12T16:12:18Z">
          <params>
            <param index="0">
              <value>
                <![CDATA[654254.0]]>
              </value>
            </param>
            <param index="1">
              <value>
                <![CDATA[EQC Hotel 568]]>
              </value>
            </param>
            <param index="2">
              <value>
                <![CDATA[1234 Test Street]]>
              </value>
            </param>
            <param index="3">
              <value>
                <![CDATA[]]>
              </value>
            </param>
            <param index="4">
              <value>
                <![CDATA[RÃ©gion Test]]>
              </value>
            </param>
            <param index="5">
              <value>
                <![CDATA[]]>
              </value>
            </param>
            <param index="6">
              <value>
                <![CDATA[0.0015]]>
              </value>
            </param>
            <param index="7">
              <value>
                <![CDATA[179.9985]]>
              </value>
            </param>
            <param index="8">
              <value>
                <![CDATA[]]>
              </value>
            </param>
          </params>
          <exception class="java.lang.AssertionError">
            <message>
              <![CDATA[ota_hotel_code expected [654254] but found [null]]]>
            </message>
            <full-stacktrace>
              <![CDATA[java.lang.AssertionError: ota_hotel_code expected [654254] but found [null]
	at org.testng.Assert.fail(Assert.java:94)
	at org.testng.Assert.failNotEquals(Assert.java:513)
	at org.testng.Assert.assertEqualsImpl(Assert.java:130)
	at org.testng.Assert.assertEquals(Assert.java:116)
	at org.testng.Assert.assertEquals(Assert.java:190)
	at com.externalApi.CompareDumsToDb.login(CompareDumsToDb.java:88)
	at sun.reflect.GeneratedMethodAccessor1.invoke(Unknown Source)
	at sun.reflect.DelegatingMethodAccessorImpl.invoke(Unknown Source)
	at java.lang.reflect.Method.invoke(Unknown Source)
	at org.testng.internal.MethodInvocationHelper.invokeMethod(MethodInvocationHelper.java:104)
	at org.testng.internal.Invoker.invokeMethod(Invoker.java:645)
	at org.testng.internal.Invoker.invokeTestMethod(Invoker.java:851)
	at org.testng.internal.Invoker.invokeTestMethods(Invoker.java:1177)
	at org.testng.internal.TestMethodWorker.invokeTestMethods(TestMethodWorker.java:129)
	at org.testng.internal.TestMethodWorker.run(TestMethodWorker.java:112)
	at org.testng.TestRunner.privateRun(TestRunner.java:756)
	at org.testng.TestRunner.run(TestRunner.java:610)
	at org.testng.SuiteRunner.runTest(SuiteRunner.java:387)
	at org.testng.SuiteRunner.runSequentially(SuiteRunner.java:382)
	at org.testng.SuiteRunner.privateRun(SuiteRunner.java:340)
	at org.testng.SuiteRunner.run(SuiteRunner.java:289)
	at org.testng.SuiteRunnerWorker.runSuite(SuiteRunnerWorker.java:52)
	at org.testng.SuiteRunnerWorker.run(SuiteRunnerWorker.java:86)
	at org.testng.TestNG.runSuitesSequentially(TestNG.java:1293)
	at org.testng.TestNG.runSuitesLocally(TestNG.java:1218)
	at org.testng.TestNG.runSuites(TestNG.java:1133)
	at org.testng.TestNG.run(TestNG.java:1104)
	at org.testng.remote.AbstractRemoteTestNG.run(AbstractRemoteTestNG.java:132)
	at org.testng.remote.RemoteTestNG.initAndRun(RemoteTestNG.java:236)
	at org.testng.remote.RemoteTestNG.main(RemoteTestNG.java:81)
]]>
            </full-stacktrace>
          </exception> <!-- java.lang.AssertionError -->
          <reporter-output>
          </reporter-output>
        </test-method> <!-- login -->
        <test-method status="FAIL" signature="login(java.lang.String, java.lang.String, java.lang.String, java.lang.String, java.lang.String, java.lang.String, java.lang.String, java.lang.String, java.lang.String)[pri:0, instance:com.externalApi.CompareDumsToDb@1caeb3e]" name="login" duration-ms="2339" started-at="2017-05-12T16:12:18Z" data-provider="dumps" finished-at="2017-05-12T16:12:20Z">
          <params>
            <param index="0">
              <value>
                <![CDATA[654277.0]]>
              </value>
            </param>
            <param index="1">
              <value>
                <![CDATA[EQC Hotel 595]]>
              </value>
            </param>
            <param index="2">
              <value>
                <![CDATA[1234 Test Street]]>
              </value>
            </param>
            <param index="3">
              <value>
                <![CDATA[]]>
              </value>
            </param>
            <param index="4">
              <value>
                <![CDATA[RÃ©gion Test]]>
              </value>
            </param>
            <param index="5">
              <value>
                <![CDATA[]]>
              </value>
            </param>
            <param index="6">
              <value>
                <![CDATA[0.0015]]>
              </value>
            </param>
            <param index="7">
              <value>
                <![CDATA[179.9985]]>
              </value>
            </param>
            <param index="8">
              <value>
                <![CDATA[]]>
              </value>
            </param>
          </params>
          <exception class="java.lang.AssertionError">
            <message>
              <![CDATA[ota_hotel_code expected [654277] but found [null]]]>
            </message>
            <full-stacktrace>
              <![CDATA[java.lang.AssertionError: ota_hotel_code expected [654277] but found [null]
	at org.testng.Assert.fail(Assert.java:94)
	at org.testng.Assert.failNotEquals(Assert.java:513)
	at org.testng.Assert.assertEqualsImpl(Assert.java:130)
	at org.testng.Assert.assertEquals(Assert.java:116)
	at org.testng.Assert.assertEquals(Assert.java:190)
	at com.externalApi.CompareDumsToDb.login(CompareDumsToDb.java:88)
	at sun.reflect.GeneratedMethodAccessor1.invoke(Unknown Source)
	at sun.reflect.DelegatingMethodAccessorImpl.invoke(Unknown Source)
	at java.lang.reflect.Method.invoke(Unknown Source)
	at org.testng.internal.MethodInvocationHelper.invokeMethod(MethodInvocationHelper.java:104)
	at org.testng.internal.Invoker.invokeMethod(Invoker.java:645)
	at org.testng.internal.Invoker.invokeTestMethod(Invoker.java:851)
	at org.testng.internal.Invoker.invokeTestMethods(Invoker.java:1177)
	at org.testng.internal.TestMethodWorker.invokeTestMethods(TestMethodWorker.java:129)
	at org.testng.internal.TestMethodWorker.run(TestMethodWorker.java:112)
	at org.testng.TestRunner.privateRun(TestRunner.java:756)
	at org.testng.TestRunner.run(TestRunner.java:610)
	at org.testng.SuiteRunner.runTest(SuiteRunner.java:387)
	at org.testng.SuiteRunner.runSequentially(SuiteRunner.java:382)
	at org.testng.SuiteRunner.privateRun(SuiteRunner.java:340)
	at org.testng.SuiteRunner.run(SuiteRunner.java:289)
	at org.testng.SuiteRunnerWorker.runSuite(SuiteRunnerWorker.java:52)
	at org.testng.SuiteRunnerWorker.run(SuiteRunnerWorker.java:86)
	at org.testng.TestNG.runSuitesSequentially(TestNG.java:1293)
	at org.testng.TestNG.runSuitesLocally(TestNG.java:1218)
	at org.testng.TestNG.runSuites(TestNG.java:1133)
	at org.testng.TestNG.run(TestNG.java:1104)
	at org.testng.remote.AbstractRemoteTestNG.run(AbstractRemoteTestNG.java:132)
	at org.testng.remote.RemoteTestNG.initAndRun(RemoteTestNG.java:236)
	at org.testng.remote.RemoteTestNG.main(RemoteTestNG.java:81)
]]>
            </full-stacktrace>
          </exception> <!-- java.lang.AssertionError -->
          <reporter-output>
          </reporter-output>
        </test-method> <!-- login -->
        <test-method status="PASS" signature="login(java.lang.String, java.lang.String, java.lang.String, java.lang.String, java.lang.String, java.lang.String, java.lang.String, java.lang.String, java.lang.String)[pri:0, instance:com.externalApi.CompareDumsToDb@1caeb3e]" name="login" duration-ms="2173" started-at="2017-05-12T16:12:20Z" data-provider="dumps" finished-at="2017-05-12T16:12:22Z">
          <params>
            <param index="0">
              <value>
                <![CDATA[654297.0]]>
              </value>
            </param>
            <param index="1">
              <value>
                <![CDATA[Business Hotel Star]]>
              </value>
            </param>
            <param index="2">
              <value>
                <![CDATA[10-29 Tanoyumachi]]>
              </value>
            </param>
            <param index="3">
              <value>
                <![CDATA[]]>
              </value>
            </param>
            <param index="4">
              <value>
                <![CDATA[Beppu]]>
              </value>
            </param>
            <param index="5">
              <value>
                <![CDATA[874-0909]]>
              </value>
            </param>
            <param index="6">
              <value>
                <![CDATA[33.27914]]>
              </value>
            </param>
            <param index="7">
              <value>
                <![CDATA[131.49968]]>
              </value>
            </param>
            <param index="8">
              <value>
                <![CDATA[JPY]]>
              </value>
            </param>
          </params>
          <reporter-output>
          </reporter-output>
        </test-method> <!-- login -->
        <test-method status="FAIL" signature="login(java.lang.String, java.lang.String, java.lang.String, java.lang.String, java.lang.String, java.lang.String, java.lang.String, java.lang.String, java.lang.String)[pri:0, instance:com.externalApi.CompareDumsToDb@1caeb3e]" name="login" duration-ms="2436" started-at="2017-05-12T16:12:22Z" data-provider="dumps" finished-at="2017-05-12T16:12:25Z">
          <params>
            <param index="0">
              <value>
                <![CDATA[629050.0]]>
              </value>
            </param>
            <param index="1">
              <value>
                <![CDATA[ALV Hua Hin Private Pool Villas]]>
              </value>
            </param>
            <param index="2">
              <value>
                <![CDATA[158.0]]>
              </value>
            </param>
            <param index="3">
              <value>
                <![CDATA[]]>
              </value>
            </param>
            <param index="4">
              <value>
                <![CDATA[]]>
              </value>
            </param>
            <param index="5">
              <value>
                <![CDATA[]]>
              </value>
            </param>
            <param index="6">
              <value>
                <![CDATA[]]>
              </value>
            </param>
            <param index="7">
              <value>
                <![CDATA[]]>
              </value>
            </param>
            <param index="8">
              <value>
                <![CDATA[]]>
              </value>
            </param>
          </params>
          <exception class="java.lang.AssertionError">
            <message>
              <![CDATA[address expected [158.0 ] but found [158, Hua Hin Soi 102, Nong Gae ]]]>
            </message>
            <full-stacktrace>
              <![CDATA[java.lang.AssertionError: address expected [158.0 ] but found [158, Hua Hin Soi 102, Nong Gae ]
	at org.testng.Assert.fail(Assert.java:94)
	at org.testng.Assert.failNotEquals(Assert.java:513)
	at org.testng.Assert.assertEqualsImpl(Assert.java:135)
	at org.testng.Assert.assertEquals(Assert.java:116)
	at org.testng.Assert.assertEquals(Assert.java:190)
	at com.externalApi.CompareDumsToDb.login(CompareDumsToDb.java:90)
	at sun.reflect.GeneratedMethodAccessor1.invoke(Unknown Source)
	at sun.reflect.DelegatingMethodAccessorImpl.invoke(Unknown Source)
	at java.lang.reflect.Method.invoke(Unknown Source)
	at org.testng.internal.MethodInvocationHelper.invokeMethod(MethodInvocationHelper.java:104)
	at org.testng.internal.Invoker.invokeMethod(Invoker.java:645)
	at org.testng.internal.Invoker.invokeTestMethod(Invoker.java:851)
	at org.testng.internal.Invoker.invokeTestMethods(Invoker.java:1177)
	at org.testng.internal.TestMethodWorker.invokeTestMethods(TestMethodWorker.java:129)
	at org.testng.internal.TestMethodWorker.run(TestMethodWorker.java:112)
	at org.testng.TestRunner.privateRun(TestRunner.java:756)
	at org.testng.TestRunner.run(TestRunner.java:610)
	at org.testng.SuiteRunner.runTest(SuiteRunner.java:387)
	at org.testng.SuiteRunner.runSequentially(SuiteRunner.java:382)
	at org.testng.SuiteRunner.privateRun(SuiteRunner.java:340)
	at org.testng.SuiteRunner.run(SuiteRunner.java:289)
	at org.testng.SuiteRunnerWorker.runSuite(SuiteRunnerWorker.java:52)
	at org.testng.SuiteRunnerWorker.run(SuiteRunnerWorker.java:86)
	at org.testng.TestNG.runSuitesSequentially(TestNG.java:1293)
	at org.testng.TestNG.runSuitesLocally(TestNG.java:1218)
	at org.testng.TestNG.runSuites(TestNG.java:1133)
	at org.testng.TestNG.run(TestNG.java:1104)
	at org.testng.remote.AbstractRemoteTestNG.run(AbstractRemoteTestNG.java:132)
	at org.testng.remote.RemoteTestNG.initAndRun(RemoteTestNG.java:236)
	at org.testng.remote.RemoteTestNG.main(RemoteTestNG.java:81)
]]>
            </full-stacktrace>
          </exception> <!-- java.lang.AssertionError -->
          <reporter-output>
          </reporter-output>
        </test-method> <!-- login -->
      </class> <!-- com.externalApi.CompareDumsToDb -->
    </test> <!-- Default test -->
  </suite> <!-- Default suite -->
</testng-results>
