<?xml version="1.0" encoding="UTF-8"?>
<!-- Generated by org.testng.reporters.JUnitReportReporter -->
<testsuite name="com.externalApi.Dumps" tests="9999" time="22.880" ignored="0" failures="0" timestamp="05 May 2017 06:32:51 GMT" skipped="0" hostname="mgh-PC" errors="0">
  <testcase name="login" time="0.000" classname="com.externalApi.Dumps"/>
  <testcase name="login" time="0.001" classname="com.externalApi.Dumps"/>
  <testcase name="login" time="0.000" classname="com.externalApi.Dumps"/>
  <testcase name="login" time="0.000" classname="com.externalApi.Dumps"/>
  <testcase name="login" time="0.001" classname="com.externalApi.Dumps"/>
  <testcase name="login" time="0.000" classname="com.externalApi.Dumps"/>
  <testcase name="login" time="0.001" classname="com.externalApi.Dumps"/>
  <testcase name="login" time="0.000" classname="com.externalApi.Dumps"/>
  <testcase name="login" time="0.002" classname="com.externalApi.Dumps"/>
  <testcase name="login" time="0.001" classname="com.externalApi.Dumps"/>
  <testcase name="login" time="0.001" classname="com.externalApi.Dumps"/>
  <testcase name="login" time="0.001" classname="com.externalApi.Dumps"/>
  <testcase name="login" time="0.000" classname="com.externalApi.Dumps"/>
  <testcase name="login" time="0.000" classname="com.externalApi.Dumps"/>
  <testcase name="login" time="0.001" classname="com.externalApi.Dumps"/>
  <testcase name="login" time="0.001" classname="com.externalApi.Dumps"/>
  <testcase name="login" time="0.001" classname="com.externalApi.Dumps"/>
  <testcase name="login" time="0.001" classname="com.externalApi.Dumps"/>
  <testcase name="login" time="0.000" classname="com.externalApi.Dumps"/>
  <testcase name="login" time="0.000" classname="com.externalApi.Dumps"/>
  <testcase name="login" time="0.001" classname="com.externalApi.Dumps"/>
  <testcase name="login" time="0.001" classname="com.externalApi.Dumps"/>
  <testcase name="login" time="0.000" classname="com.externalApi.Dumps"/>
  <testcase name="login" time="0.000" classname="com.externalApi.Dumps"/>
  <testcase name="login" time="0.001" classname="com.externalApi.Dumps"/>
  <testcase name="login" time="0.001" classname="com.externalApi.Dumps"/>
  <testcase name="login" time="0.001" classname="com.externalApi.Dumps"/>
  <testcase name="login" time="0.000" classname="com.externalApi.Dumps"/>
  <testcase name="login" time="0.000" classname="com.externalApi.Dumps"/>
  <testcase name="login" time="0.000" classname="com.externalApi.Dumps"/>
  <testcase name="login" time="0.001" classname="com.externalApi.Dumps"/>
  <testcase name="login" time="0.001" classname="com.externalApi.Dumps"/>
  <testcase name="login" time="0.002" classname="com.externalApi.Dumps"/>
  <testcase name="login" time="0.000" classname="com.externalApi.Dumps"/>
  <testcase name="login" time="0.002" classname="com.externalApi.Dumps"/>
  <testcase name="login" time="0.000" classname="com.externalApi.Dumps"/>
  <testcase name="login" time="0.001" classname="com.externalApi.Dumps"/>
  <testcase name="login" time="0.001" classname="com.externalApi.Dumps"/>
  <testcase name="login" time="0.000" classname="com.externalApi.Dumps"/>
  <testcase name="login" time="0.005" classname="com.externalApi.Dumps"/>
  <testcase name="login" time="0.001" classname="com.externalApi.Dumps"/>
  <testcase name="login" time="0.000" classname="com.externalApi.Dumps"/>
  <testcase name="login" time="0.001" classname="com.externalApi.Dumps"/>
  <testcase name="login" time="0.000" classname="com.externalApi.Dumps"/>
  <testcase name="login" time="0.001" classname="com.externalApi.Dumps"/>
  <testcase name="login" time="0.000" classname="com.externalApi.Dumps"/>
  <testcase name="login" time="0.001" classname="com.externalApi.Dumps"/>
  <testcase name="login" time="0.005" classname="com.externalApi.Dumps"/>
  <testcase name="login" time="0.001" classname="com.externalApi.Dumps"/>
  <testcase name="login" time="0.001" classname="com.externalApi.Dumps"/>
  <testcase name="login" time="0.001" classname="com.externalApi.Dumps"/>
  <testcase name="login" time="0.000" classname="com.externalApi.Dumps"/>
  <testcase name="login" time="0.001" classname="com.externalApi.Dumps"/>
  <testcase name="login" time="0.001" classname="com.externalApi.Dumps"/>
  <testcase name="login" time="0.001" classname="com.externalApi.Dumps"/>
  <testcase name="login" time="0.000" classname="com.externalApi.Dumps"/>
  <testcase name="login" time="0.000" classname="com.externalApi.Dumps"/>
  <testcase name="login" time="0.000" classname="com.externalApi.Dumps"/>
  <testcase name="login" time="0.001" classname="com.externalApi.Dumps"/>
  <testcase name="login" time="0.002" classname="com.externalApi.Dumps"/>
  <testcase name="login" time="0.000" classname="com.externalApi.Dumps"/>
  <testcase name="login" time="0.001" classname="com.externalApi.Dumps"/>
  <testcase name="login" time="0.001" classname="com.externalApi.Dumps"/>
  <testcase name="login" time="0.001" classname="com.externalApi.Dumps"/>
  <testcase name="login" time="0.000" classname="com.externalApi.Dumps"/>
  <testcase name="login" time="0.000" classname="com.externalApi.Dumps"/>
  <testcase name="login" time="0.001" classname="com.externalApi.Dumps"/>
  <testcase name="login" time="0.003" classname="com.externalApi.Dumps"/>
  <testcase name="login" time="0.000" classname="com.externalApi.Dumps"/>
  <testcase name="login" time="0.000" classname="com.externalApi.Dumps"/>
  <testcase name="login" time="0.000" classname="com.externalApi.Dumps"/>
  <testcase name="login" time="0.001" classname="com.externalApi.Dumps"/>
  <testcase name="login" time="0.000" classname="com.externalApi.Dumps"/>
  <testcase name="login" time="0.001" classname="com.externalApi.Dumps"/>
  <testcase name="login" time="0.001" classname="com.externalApi.Dumps"/>
  <testcase name="login" time="0.001" classname="com.externalApi.Dumps"/>
  <testcase name="login" time="0.000" classname="com.externalApi.Dumps"/>
  <testcase name="login" time="0.002" classname="com.externalApi.Dumps"/>
  <testcase name="login" time="0.000" classname="com.externalApi.Dumps"/>
  <testcase name="login" time="0.000" classname="com.externalApi.Dumps"/>
  <testcase name="login" time="0.001" classname="com.externalApi.Dumps"/>
  <testcase name="login" time="0.000" classname="com.externalApi.Dumps"/>
  <testcase name="login" time="0.000" classname="com.externalApi.Dumps"/>
  <testcase name="login" time="0.000" classname="com.externalApi.Dumps"/>
  <testcase name="login" time="0.000" classname="com.externalApi.Dumps"/>
  <testcase name="login" time="0.000" classname="com.externalApi.Dumps"/>
  <testcase name="login" time="0.000" classname="com.externalApi.Dumps"/>
  <testcase name="login" time="0.002" classname="com.externalApi.Dumps"/>
  <testcase name="login" time="0.001" classname="com.externalApi.Dumps"/>
  <testcase name="login" time="0.000" classname="com.externalApi.Dumps"/>
  <testcase name="login" time="0.138" classname="com.externalApi.Dumps"/>
  <testcase name="login" time="0.001" classname="com.externalApi.Dumps"/>
  <testcase name="login" time="0.000" classname="com.externalApi.Dumps"/>
  <testcase name="login" time="0.001" classname="com.externalApi.Dumps"/>
  <testcase name="login" time="0.001" classname="com.externalApi.Dumps"/>
  <testcase name="login" time="0.001" classname="com.externalApi.Dumps"/>
  <testcase name="login" time="0.000" classname="com.externalApi.Dumps"/>
  <testcase name="login" time="0.001" classname="com.externalApi.Dumps"/>
  <testcase name="login" time="0.001" classname="com.externalApi.Dumps"/>
  <testcase name="login" time="0.001" classname="com.externalApi.Dumps"/>
  <testcase name="login" time="0.001" classname="com.externalApi.Dumps"/>
  <testcase name="login" time="0.001" classname="com.externalApi.Dumps"/>
  <testcase name="login" time="0.001" classname="com.externalApi.Dumps"/>
  <testcase name="login" time="0.001" classname="com.externalApi.Dumps"/>
  <testcase name="login" time="0.001" classname="com.externalApi.Dumps"/>
  <testcase name="login" time="0.000" classname="com.externalApi.Dumps"/>
  <testcase name="login" time="0.001" classname="com.externalApi.Dumps"/>
  <testcase name="login" time="0.000" classname="com.externalApi.Dumps"/>
  <testcase name="login" time="0.001" classname="com.externalApi.Dumps"/>
  <testcase name="login" time="0.000" classname="com.externalApi.Dumps"/>
  <testcase name="login" time="0.001" classname="com.externalApi.Dumps"/>
  <testcase name="login" time="0.000" classname="com.externalApi.Dumps"/>
  <testcase name="login" time="0.002" classname="com.externalApi.Dumps"/>
  <testcase name="login" time="0.000" classname="com.externalApi.Dumps"/>
  <testcase name="login" time="0.001" classname="com.externalApi.Dumps"/>
  <testcase name="login" time="0.000" classname="com.externalApi.Dumps"/>
  <testcase name="login" time="0.000" classname="com.externalApi.Dumps"/>
  <testcase name="login" time="0.000" classname="com.externalApi.Dumps"/>
  <testcase name="login" time="0.001" classname="com.externalApi.Dumps"/>
  <testcase name="login" time="0.001" classname="com.externalApi.Dumps"/>
  <testcase name="login" time="0.001" classname="com.externalApi.Dumps"/>
  <testcase name="login" time="0.000" classname="com.externalApi.Dumps"/>
  <testcase name="login" time="0.000" classname="com.externalApi.Dumps"/>
  <testcase name="login" time="0.000" classname="com.externalApi.Dumps"/>
  <testcase name="login" time="0.002" classname="com.externalApi.Dumps"/>
  <testcase name="login" time="0.000" classname="com.externalApi.Dumps"/>
  <testcase name="login" time="0.000" classname="com.externalApi.Dumps"/>
  <testcase name="login" time="0.001" classname="com.externalApi.Dumps"/>
  <testcase name="login" time="0.000" classname="com.externalApi.Dumps"/>
  <testcase name="login" time="0.001" classname="com.externalApi.Dumps"/>
  <testcase name="login" time="0.001" classname="com.externalApi.Dumps"/>
  <testcase name="login" time="0.001" classname="com.externalApi.Dumps"/>
  <testcase name="login" time="0.001" classname="com.externalApi.Dumps"/>
  <testcase name="login" time="0.000" classname="com.externalApi.Dumps"/>
  <testcase name="login" time="0.001" classname="com.externalApi.Dumps"/>
  <testcase name="login" time="0.001" classname="com.externalApi.Dumps"/>
  <testcase name="login" time="0.000" classname="com.externalApi.Dumps"/>
  <testcase name="login" time="0.000" classname="com.externalApi.Dumps"/>
  <testcase name="login" time="0.000" classname="com.externalApi.Dumps"/>
  <testcase name="login" time="0.000" classname="com.externalApi.Dumps"/>
  <testcase name="login" time="0.000" classname="com.externalApi.Dumps"/>
  <testcase name="login" time="0.001" classname="com.externalApi.Dumps"/>
  <testcase name="login" time="0.000" classname="com.externalApi.Dumps"/>
  <testcase name="login" time="0.000" classname="com.externalApi.Dumps"/>
  <testcase name="login" time="0.000" classname="com.externalApi.Dumps"/>
  <testcase name="login" time="0.000" classname="com.externalApi.Dumps"/>
  <testcase name="login" time="0.000" classname="com.externalApi.Dumps"/>
  <testcase name="login" time="0.001" classname="com.externalApi.Dumps"/>
  <testcase name="login" time="0.001" classname="com.externalApi.Dumps"/>
  <testcase name="login" time="0.001" classname="com.externalApi.Dumps"/>
  <testcase name="login" time="0.000" classname="com.externalApi.Dumps"/>
  <testcase name="login" time="0.000" classname="com.externalApi.Dumps"/>
  <testcase name="login" time="0.000" classname="com.externalApi.Dumps"/>
  <testcase name="login" time="0.000" classname="com.externalApi.Dumps"/>
  <testcase name="login" time="0.000" classname="com.externalApi.Dumps"/>
  <testcase name="login" time="0.000" classname="com.externalApi.Dumps"/>
  <testcase name="login" time="0.000" classname="com.externalApi.Dumps"/>
  <testcase name="login" time="0.001" classname="com.externalApi.Dumps"/>
  <testcase name="login" time="0.001" classname="com.externalApi.Dumps"/>
  <testcase name="login" time="0.000" classname="com.externalApi.Dumps"/>
  <testcase name="login" time="0.003" classname="com.externalApi.Dumps"/>
  <testcase name="login" time="0.001" classname="com.externalApi.Dumps"/>
  <testcase name="login" time="0.001" classname="com.externalApi.Dumps"/>
  <testcase name="login" time="0.001" classname="com.externalApi.Dumps"/>
  <testcase name="login" time="0.001" classname="com.externalApi.Dumps"/>
  <testcase name="login" time="0.001" classname="com.externalApi.Dumps"/>
  <testcase name="login" time="0.000" classname="com.externalApi.Dumps"/>
  <testcase name="login" time="0.001" classname="com.externalApi.Dumps"/>
  <testcase name="login" time="0.000" classname="com.externalApi.Dumps"/>
  <testcase name="login" time="0.000" classname="com.externalApi.Dumps"/>
  <testcase name="login" time="0.001" classname="com.externalApi.Dumps"/>
  <testcase name="login" time="0.001" classname="com.externalApi.Dumps"/>
  <testcase name="login" time="0.001" classname="com.externalApi.Dumps"/>
  <testcase name="login" time="0.001" classname="com.externalApi.Dumps"/>
  <testcase name="login" time="0.000" classname="com.externalApi.Dumps"/>
  <testcase name="login" time="0.000" classname="com.externalApi.Dumps"/>
  <testcase name="login" time="0.000" classname="com.externalApi.Dumps"/>
  <testcase name="login" time="0.000" classname="com.externalApi.Dumps"/>
  <testcase name="login" time="0.000" classname="com.externalApi.Dumps"/>
  <testcase name="login" time="0.003" classname="com.externalApi.Dumps"/>
  <testcase name="login" time="0.002" classname="com.externalApi.Dumps"/>
  <testcase name="login" time="0.002" classname="com.externalApi.Dumps"/>
  <testcase name="login" time="0.001" classname="com.externalApi.Dumps"/>
  <testcase name="login" time="0.000" classname="com.externalApi.Dumps"/>
  <testcase name="login" time="0.000" classname="com.externalApi.Dumps"/>
  <testcase name="login" time="0.000" classname="com.externalApi.Dumps"/>
  <testcase name="login" time="0.001" classname="com.externalApi.Dumps"/>
  <testcase name="login" time="0.000" classname="com.externalApi.Dumps"/>
  <testcase name="login" time="0.001" classname="com.externalApi.Dumps"/>
  <testcase name="login" time="0.002" classname="com.externalApi.Dumps"/>
  <testcase name="login" time="0.001" classname="com.externalApi.Dumps"/>
  <testcase name="login" time="0.001" classname="com.externalApi.Dumps"/>
  <testcase name="login" time="0.000" classname="com.externalApi.Dumps"/>
  <testcase name="login" time="0.001" classname="com.externalApi.Dumps"/>
  <testcase name="login" time="0.001" classname="com.externalApi.Dumps"/>
  <testcase name="login" time="0.001" classname="com.externalApi.Dumps"/>
  <testcase name="login" time="0.002" classname="com.externalApi.Dumps"/>
  <testcase name="login" time="0.001" classname="com.externalApi.Dumps"/>
  <testcase name="login" time="0.001" classname="com.externalApi.Dumps"/>
  <testcase name="login" time="0.001" classname="com.externalApi.Dumps"/>
  <testcase name="login" time="0.001" classname="com.externalApi.Dumps"/>
  <testcase name="login" time="0.001" classname="com.externalApi.Dumps"/>
  <testcase name="login" time="0.001" classname="com.externalApi.Dumps"/>
  <testcase name="login" time="0.002" classname="com.externalApi.Dumps"/>
  <testcase name="login" time="0.003" classname="com.externalApi.Dumps"/>
  <testcase name="login" time="0.000" classname="com.externalApi.Dumps"/>
  <testcase name="login" time="0.000" classname="com.externalApi.Dumps"/>
  <testcase name="login" time="0.001" classname="com.externalApi.Dumps"/>
  <testcase name="login" time="0.000" classname="com.externalApi.Dumps"/>
  <testcase name="login" time="0.000" classname="com.externalApi.Dumps"/>
  <testcase name="login" time="0.000" classname="com.externalApi.Dumps"/>
  <testcase name="login" time="0.000" classname="com.externalApi.Dumps"/>
  <testcase name="login" time="0.000" classname="com.externalApi.Dumps"/>
  <testcase name="login" time="0.000" classname="com.externalApi.Dumps"/>
  <testcase name="login" time="0.001" classname="com.externalApi.Dumps"/>
  <testcase name="login" time="0.001" classname="com.externalApi.Dumps"/>
  <testcase name="login" time="0.001" classname="com.externalApi.Dumps"/>
  <testcase name="login" time="0.000" classname="com.externalApi.Dumps"/>
  <testcase name="login" time="0.001" classname="com.externalApi.Dumps"/>
  <testcase name="login" time="0.000" classname="com.externalApi.Dumps"/>
  <testcase name="login" time="0.002" classname="com.externalApi.Dumps"/>
  <testcase name="login" time="0.000" classname="com.externalApi.Dumps"/>
  <testcase name="login" time="0.000" classname="com.externalApi.Dumps"/>
  <testcase name="login" time="0.001" classname="com.externalApi.Dumps"/>
  <testcase name="login" time="0.001" classname="com.externalApi.Dumps"/>
  <testcase name="login" time="0.000" classname="com.externalApi.Dumps"/>
  <testcase name="login" time="0.001" classname="com.externalApi.Dumps"/>
  <testcase name="login" time="0.001" classname="com.externalApi.Dumps"/>
  <testcase name="login" time="0.000" classname="com.externalApi.Dumps"/>
  <testcase name="login" time="0.000" classname="com.externalApi.Dumps"/>
  <testcase name="login" time="0.001" classname="com.externalApi.Dumps"/>
  <testcase name="login" time="0.001" classname="com.externalApi.Dumps"/>
  <testcase name="login" time="0.001" classname="com.externalApi.Dumps"/>
  <testcase name="login" time="0.002" classname="com.externalApi.Dumps"/>
  <testcase name="login" time="0.002" classname="com.externalApi.Dumps"/>
  <testcase name="login" time="0.000" classname="com.externalApi.Dumps"/>
  <testcase name="login" time="0.000" classname="com.externalApi.Dumps"/>
  <testcase name="login" time="0.001" classname="com.externalApi.Dumps"/>
  <testcase name="login" time="0.001" classname="com.externalApi.Dumps"/>
  <testcase name="login" time="0.001" classname="com.externalApi.Dumps"/>
  <testcase name="login" time="0.001" classname="com.externalApi.Dumps"/>
  <testcase name="login" time="0.001" classname="com.externalApi.Dumps"/>
  <testcase name="login" time="0.001" classname="com.externalApi.Dumps"/>
  <testcase name="login" time="0.001" classname="com.externalApi.Dumps"/>
  <testcase name="login" time="0.000" classname="com.externalApi.Dumps"/>
  <testcase name="login" time="0.001" classname="com.externalApi.Dumps"/>
  <testcase name="login" time="0.000" classname="com.externalApi.Dumps"/>
  <testcase name="login" time="0.001" classname="com.externalApi.Dumps"/>
  <testcase name="login" time="0.001" classname="com.externalApi.Dumps"/>
  <testcase name="login" time="0.001" classname="com.externalApi.Dumps"/>
  <testcase name="login" time="0.001" classname="com.externalApi.Dumps"/>
  <testcase name="login" time="0.001" classname="com.externalApi.Dumps"/>
  <testcase name="login" time="0.001" classname="com.externalApi.Dumps"/>
  <testcase name="login" time="0.001" classname="com.externalApi.Dumps"/>
  <testcase name="login" time="0.001" classname="com.externalApi.Dumps"/>
  <testcase name="login" time="0.001" classname="com.externalApi.Dumps"/>
  <testcase name="login" time="0.001" classname="com.externalApi.Dumps"/>
  <testcase name="login" time="0.000" classname="com.externalApi.Dumps"/>
  <testcase name="login" time="0.001" classname="com.externalApi.Dumps"/>
  <testcase name="login" time="0.000" classname="com.externalApi.Dumps"/>
  <testcase name="login" time="0.000" classname="com.externalApi.Dumps"/>
  <testcase name="login" time="0.001" classname="com.externalApi.Dumps"/>
  <testcase name="login" time="0.000" classname="com.externalApi.Dumps"/>
  <testcase name="login" time="0.000" classname="com.externalApi.Dumps"/>
  <testcase name="login" time="0.002" classname="com.externalApi.Dumps"/>
  <testcase name="login" time="0.001" classname="com.externalApi.Dumps"/>
  <testcase name="login" time="0.001" classname="com.externalApi.Dumps"/>
  <testcase name="login" time="0.001" classname="com.externalApi.Dumps"/>
  <testcase name="login" time="0.001" classname="com.externalApi.Dumps"/>
  <testcase name="login" time="0.000" classname="com.externalApi.Dumps"/>
  <testcase name="login" time="0.000" classname="com.externalApi.Dumps"/>
  <testcase name="login" time="0.001" classname="com.externalApi.Dumps"/>
  <testcase name="login" time="0.000" classname="com.externalApi.Dumps"/>
  <testcase name="login" time="0.001" classname="com.externalApi.Dumps"/>
  <testcase name="login" time="0.000" classname="com.externalApi.Dumps"/>
  <testcase name="login" time="0.000" classname="com.externalApi.Dumps"/>
  <testcase name="login" time="0.001" classname="com.externalApi.Dumps"/>
  <testcase name="login" time="0.001" classname="com.externalApi.Dumps"/>
  <testcase name="login" time="0.001" classname="com.externalApi.Dumps"/>
  <testcase name="login" time="0.000" classname="com.externalApi.Dumps"/>
  <testcase name="login" time="0.001" classname="com.externalApi.Dumps"/>
  <testcase name="login" time="0.001" classname="com.externalApi.Dumps"/>
  <testcase name="login" time="0.000" classname="com.externalApi.Dumps"/>
  <testcase name="login" time="0.001" classname="com.externalApi.Dumps"/>
  <testcase name="login" time="0.000" classname="com.externalApi.Dumps"/>
  <testcase name="login" time="0.000" classname="com.externalApi.Dumps"/>
  <testcase name="login" time="0.001" classname="com.externalApi.Dumps"/>
  <testcase name="login" time="0.000" classname="com.externalApi.Dumps"/>
  <testcase name="login" time="0.000" classname="com.externalApi.Dumps"/>
  <testcase name="login" time="0.000" classname="com.externalApi.Dumps"/>
  <testcase name="login" time="0.000" classname="com.externalApi.Dumps"/>
  <testcase name="login" time="0.001" classname="com.externalApi.Dumps"/>
  <testcase name="login" time="0.000" classname="com.externalApi.Dumps"/>
  <testcase name="login" time="0.000" classname="com.externalApi.Dumps"/>
  <testcase name="login" time="0.001" classname="com.externalApi.Dumps"/>
  <testcase name="login" time="0.000" classname="com.externalApi.Dumps"/>
  <testcase name="login" time="0.000" classname="com.externalApi.Dumps"/>
  <testcase name="login" time="0.000" classname="com.externalApi.Dumps"/>
  <testcase name="login" time="0.001" classname="com.externalApi.Dumps"/>
  <testcase name="login" time="0.001" classname="com.externalApi.Dumps"/>
  <testcase name="login" time="0.000" classname="com.externalApi.Dumps"/>
  <testcase name="login" time="0.001" classname="com.externalApi.Dumps"/>
  <testcase name="login" time="0.000" classname="com.externalApi.Dumps"/>
  <testcase name="login" time="0.001" classname="com.externalApi.Dumps"/>
  <testcase name="login" time="0.000" classname="com.externalApi.Dumps"/>
  <testcase name="login" time="0.000" classname="com.externalApi.Dumps"/>
  <testcase name="login" time="0.001" classname="com.externalApi.Dumps"/>
  <testcase name="login" time="0.000" classname="com.externalApi.Dumps"/>
  <testcase name="login" time="0.000" classname="com.externalApi.Dumps"/>
  <testcase name="login" time="0.000" classname="com.externalApi.Dumps"/>
  <testcase name="login" time="0.000" classname="com.externalApi.Dumps"/>
  <testcase name="login" time="0.136" classname="com.externalApi.Dumps"/>
  <testcase name="login" time="0.000" classname="com.externalApi.Dumps"/>
  <testcase name="login" time="0.000" classname="com.externalApi.Dumps"/>
  <testcase name="login" time="0.001" classname="com.externalApi.Dumps"/>
  <testcase name="login" time="0.001" classname="com.externalApi.Dumps"/>
  <testcase name="login" time="0.001" classname="com.externalApi.Dumps"/>
  <testcase name="login" time="0.000" classname="com.externalApi.Dumps"/>
  <testcase name="login" time="0.001" classname="com.externalApi.Dumps"/>
  <testcase name="login" time="0.000" classname="com.externalApi.Dumps"/>
  <testcase name="login" time="0.001" classname="com.externalApi.Dumps"/>
  <testcase name="login" time="0.000" classname="com.externalApi.Dumps"/>
  <testcase name="login" time="0.000" classname="com.externalApi.Dumps"/>
  <testcase name="login" time="0.001" classname="com.externalApi.Dumps"/>
  <testcase name="login" time="0.000" classname="com.externalApi.Dumps"/>
  <testcase name="login" time="0.001" classname="com.externalApi.Dumps"/>
  <testcase name="login" time="0.000" classname="com.externalApi.Dumps"/>
  <testcase name="login" time="0.000" classname="com.externalApi.Dumps"/>
  <testcase name="login" time="0.000" classname="com.externalApi.Dumps"/>
  <testcase name="login" time="0.001" classname="com.externalApi.Dumps"/>
  <testcase name="login" time="0.000" classname="com.externalApi.Dumps"/>
  <testcase name="login" time="0.001" classname="com.externalApi.Dumps"/>
  <testcase name="login" time="0.001" classname="com.externalApi.Dumps"/>
  <testcase name="login" time="0.001" classname="com.externalApi.Dumps"/>
  <testcase name="login" time="0.000" classname="com.externalApi.Dumps"/>
  <testcase name="login" time="0.000" classname="com.externalApi.Dumps"/>
  <testcase name="login" time="0.000" classname="com.externalApi.Dumps"/>
  <testcase name="login" time="0.001" classname="com.externalApi.Dumps"/>
  <testcase name="login" time="0.000" classname="com.externalApi.Dumps"/>
  <testcase name="login" time="0.000" classname="com.externalApi.Dumps"/>
  <testcase name="login" time="0.001" classname="com.externalApi.Dumps"/>
  <testcase name="login" time="0.000" classname="com.externalApi.Dumps"/>
  <testcase name="login" time="0.000" classname="com.externalApi.Dumps"/>
  <testcase name="login" time="0.001" classname="com.externalApi.Dumps"/>
  <testcase name="login" time="0.000" classname="com.externalApi.Dumps"/>
  <testcase name="login" time="0.000" classname="com.externalApi.Dumps"/>
  <testcase name="login" time="0.000" classname="com.externalApi.Dumps"/>
  <testcase name="login" time="0.001" classname="com.externalApi.Dumps"/>
  <testcase name="login" time="0.001" classname="com.externalApi.Dumps"/>
  <testcase name="login" time="0.000" classname="com.externalApi.Dumps"/>
  <testcase name="login" time="0.000" classname="com.externalApi.Dumps"/>
  <testcase name="login" time="0.001" classname="com.externalApi.Dumps"/>
  <testcase name="login" time="0.000" classname="com.externalApi.Dumps"/>
  <testcase name="login" time="0.001" classname="com.externalApi.Dumps"/>
  <testcase name="login" time="0.000" classname="com.externalApi.Dumps"/>
  <testcase name="login" time="0.000" classname="com.externalApi.Dumps"/>
  <testcase name="login" time="0.001" classname="com.externalApi.Dumps"/>
  <testcase name="login" time="0.001" classname="com.externalApi.Dumps"/>
  <testcase name="login" time="0.000" classname="com.externalApi.Dumps"/>
  <testcase name="login" time="0.001" classname="com.externalApi.Dumps"/>
  <testcase name="login" time="0.001" classname="com.externalApi.Dumps"/>
  <testcase name="login" time="0.001" classname="com.externalApi.Dumps"/>
  <testcase name="login" time="0.002" classname="com.externalApi.Dumps"/>
  <testcase name="login" time="0.001" classname="com.externalApi.Dumps"/>
  <testcase name="login" time="0.001" classname="com.externalApi.Dumps"/>
  <testcase name="login" time="0.001" classname="com.externalApi.Dumps"/>
  <testcase name="login" time="0.001" classname="com.externalApi.Dumps"/>
  <testcase name="login" time="0.002" classname="com.externalApi.Dumps"/>
  <testcase name="login" time="0.001" classname="com.externalApi.Dumps"/>
  <testcase name="login" time="0.000" classname="com.externalApi.Dumps"/>
  <testcase name="login" time="0.001" classname="com.externalApi.Dumps"/>
  <testcase name="login" time="0.001" classname="com.externalApi.Dumps"/>
  <testcase name="login" time="0.000" classname="com.externalApi.Dumps"/>
  <testcase name="login" time="0.001" classname="com.externalApi.Dumps"/>
  <testcase name="login" time="0.001" classname="com.externalApi.Dumps"/>
  <testcase name="login" time="0.001" classname="com.externalApi.Dumps"/>
  <testcase name="login" time="0.001" classname="com.externalApi.Dumps"/>
  <testcase name="login" time="0.000" classname="com.externalApi.Dumps"/>
  <testcase name="login" time="0.254" classname="com.externalApi.Dumps"/>
  <testcase name="login" time="0.000" classname="com.externalApi.Dumps"/>
  <testcase name="login" time="0.000" classname="com.externalApi.Dumps"/>
  <testcase name="login" time="0.001" classname="com.externalApi.Dumps"/>
  <testcase name="login" time="0.000" classname="com.externalApi.Dumps"/>
  <testcase name="login" time="0.000" classname="com.externalApi.Dumps"/>
  <testcase name="login" time="0.001" classname="com.externalApi.Dumps"/>
  <testcase name="login" time="0.000" classname="com.externalApi.Dumps"/>
  <testcase name="login" time="0.002" classname="com.externalApi.Dumps"/>
  <testcase name="login" time="0.001" classname="com.externalApi.Dumps"/>
  <testcase name="login" time="0.001" classname="com.externalApi.Dumps"/>
  <testcase name="login" time="0.003" classname="com.externalApi.Dumps"/>
  <testcase name="login" time="0.001" classname="com.externalApi.Dumps"/>
  <testcase name="login" time="0.001" classname="com.externalApi.Dumps"/>
  <testcase name="login" time="0.001" classname="com.externalApi.Dumps"/>
  <testcase name="login" time="0.000" classname="com.externalApi.Dumps"/>
  <testcase name="login" time="0.000" classname="com.externalApi.Dumps"/>
  <testcase name="login" time="0.000" classname="com.externalApi.Dumps"/>
  <testcase name="login" time="0.001" classname="com.externalApi.Dumps"/>
  <testcase name="login" time="0.000" classname="com.externalApi.Dumps"/>
  <testcase name="login" time="0.001" classname="com.externalApi.Dumps"/>
  <testcase name="login" time="0.001" classname="com.externalApi.Dumps"/>
  <testcase name="login" time="0.000" classname="com.externalApi.Dumps"/>
  <testcase name="login" time="0.000" classname="com.externalApi.Dumps"/>
  <testcase name="login" time="0.001" classname="com.externalApi.Dumps"/>
  <testcase name="login" time="0.000" classname="com.externalApi.Dumps"/>
  <testcase name="login" time="0.000" classname="com.externalApi.Dumps"/>
  <testcase name="login" time="0.000" classname="com.externalApi.Dumps"/>
  <testcase name="login" time="0.001" classname="com.externalApi.Dumps"/>
  <testcase name="login" time="0.001" classname="com.externalApi.Dumps"/>
  <testcase name="login" time="0.001" classname="com.externalApi.Dumps"/>
  <testcase name="login" time="0.002" classname="com.externalApi.Dumps"/>
  <testcase name="login" time="0.001" classname="com.externalApi.Dumps"/>
  <testcase name="login" time="0.002" classname="com.externalApi.Dumps"/>
  <testcase name="login" time="0.001" classname="com.externalApi.Dumps"/>
  <testcase name="login" time="0.000" classname="com.externalApi.Dumps"/>
  <testcase name="login" time="0.001" classname="com.externalApi.Dumps"/>
  <testcase name="login" time="0.001" classname="com.externalApi.Dumps"/>
  <testcase name="login" time="0.000" classname="com.externalApi.Dumps"/>
  <testcase name="login" time="0.001" classname="com.externalApi.Dumps"/>
  <testcase name="login" time="0.001" classname="com.externalApi.Dumps"/>
  <testcase name="login" time="0.000" classname="com.externalApi.Dumps"/>
  <testcase name="login" time="0.000" classname="com.externalApi.Dumps"/>
  <testcase name="login" time="0.000" classname="com.externalApi.Dumps"/>
  <testcase name="login" time="0.000" classname="com.externalApi.Dumps"/>
  <testcase name="login" time="0.001" classname="com.externalApi.Dumps"/>
  <testcase name="login" time="0.002" classname="com.externalApi.Dumps"/>
  <testcase name="login" time="0.001" classname="com.externalApi.Dumps"/>
  <testcase name="login" time="0.000" classname="com.externalApi.Dumps"/>
  <testcase name="login" time="0.000" classname="com.externalApi.Dumps"/>
  <testcase name="login" time="0.001" classname="com.externalApi.Dumps"/>
  <testcase name="login" time="0.000" classname="com.externalApi.Dumps"/>
  <testcase name="login" time="0.001" classname="com.externalApi.Dumps"/>
  <testcase name="login" time="0.000" classname="com.externalApi.Dumps"/>
  <testcase name="login" time="0.002" classname="com.externalApi.Dumps"/>
  <testcase name="login" time="0.000" classname="com.externalApi.Dumps"/>
  <testcase name="login" time="0.000" classname="com.externalApi.Dumps"/>
  <testcase name="login" time="0.000" classname="com.externalApi.Dumps"/>
  <testcase name="login" time="0.000" classname="com.externalApi.Dumps"/>
  <testcase name="login" time="0.001" classname="com.externalApi.Dumps"/>
  <testcase name="login" time="0.000" classname="com.externalApi.Dumps"/>
  <testcase name="login" time="0.001" classname="com.externalApi.Dumps"/>
  <testcase name="login" time="0.000" classname="com.externalApi.Dumps"/>
  <testcase name="login" time="0.001" classname="com.externalApi.Dumps"/>
  <testcase name="login" time="0.001" classname="com.externalApi.Dumps"/>
  <testcase name="login" time="0.000" classname="com.externalApi.Dumps"/>
  <testcase name="login" time="0.000" classname="com.externalApi.Dumps"/>
  <testcase name="login" time="0.000" classname="com.externalApi.Dumps"/>
  <testcase name="login" time="0.000" classname="com.externalApi.Dumps"/>
  <testcase name="login" time="0.002" classname="com.externalApi.Dumps"/>
  <testcase name="login" time="0.001" classname="com.externalApi.Dumps"/>
  <testcase name="login" time="0.000" classname="com.externalApi.Dumps"/>
  <testcase name="login" time="0.001" classname="com.externalApi.Dumps"/>
  <testcase name="login" time="0.001" classname="com.externalApi.Dumps"/>
  <testcase name="login" time="0.000" classname="com.externalApi.Dumps"/>
  <testcase name="login" time="0.000" classname="com.externalApi.Dumps"/>
  <testcase name="login" time="0.001" classname="com.externalApi.Dumps"/>
  <testcase name="login" time="0.001" classname="com.externalApi.Dumps"/>
  <testcase name="login" time="0.001" classname="com.externalApi.Dumps"/>
  <testcase name="login" time="0.001" classname="com.externalApi.Dumps"/>
  <testcase name="login" time="0.001" classname="com.externalApi.Dumps"/>
  <testcase name="login" time="0.000" classname="com.externalApi.Dumps"/>
  <testcase name="login" time="0.000" classname="com.externalApi.Dumps"/>
  <testcase name="login" time="0.000" classname="com.externalApi.Dumps"/>
  <testcase name="login" time="0.000" classname="com.externalApi.Dumps"/>
  <testcase name="login" time="0.000" classname="com.externalApi.Dumps"/>
  <testcase name="login" time="0.001" classname="com.externalApi.Dumps"/>
  <testcase name="login" time="0.001" classname="com.externalApi.Dumps"/>
  <testcase name="login" time="0.000" classname="com.externalApi.Dumps"/>
  <testcase name="login" time="0.000" classname="com.externalApi.Dumps"/>
  <testcase name="login" time="0.000" classname="com.externalApi.Dumps"/>
  <testcase name="login" time="0.000" classname="com.externalApi.Dumps"/>
  <testcase name="login" time="0.000" classname="com.externalApi.Dumps"/>
  <testcase name="login" time="0.000" classname="com.externalApi.Dumps"/>
  <testcase name="login" time="0.001" classname="com.externalApi.Dumps"/>
  <testcase name="login" time="0.001" classname="com.externalApi.Dumps"/>
  <testcase name="login" time="0.001" classname="com.externalApi.Dumps"/>
  <testcase name="login" time="0.000" classname="com.externalApi.Dumps"/>
  <testcase name="login" time="0.001" classname="com.externalApi.Dumps"/>
  <testcase name="login" time="0.001" classname="com.externalApi.Dumps"/>
  <testcase name="login" time="0.000" classname="com.externalApi.Dumps"/>
  <testcase name="login" time="0.001" classname="com.externalApi.Dumps"/>
  <testcase name="login" time="0.001" classname="com.externalApi.Dumps"/>
  <testcase name="login" time="0.000" classname="com.externalApi.Dumps"/>
  <testcase name="login" time="0.075" classname="com.externalApi.Dumps"/>
  <testcase name="login" time="0.001" classname="com.externalApi.Dumps"/>
  <testcase name="login" time="0.000" classname="com.externalApi.Dumps"/>
  <testcase name="login" time="0.001" classname="com.externalApi.Dumps"/>
  <testcase name="login" time="0.000" classname="com.externalApi.Dumps"/>
  <testcase name="login" time="0.001" classname="com.externalApi.Dumps"/>
  <testcase name="login" time="0.001" classname="com.externalApi.Dumps"/>
  <testcase name="login" time="0.001" classname="com.externalApi.Dumps"/>
  <testcase name="login" time="0.000" classname="com.externalApi.Dumps"/>
  <testcase name="login" time="0.001" classname="com.externalApi.Dumps"/>
  <testcase name="login" time="0.001" classname="com.externalApi.Dumps"/>
  <testcase name="login" time="0.000" classname="com.externalApi.Dumps"/>
  <testcase name="login" time="0.005" classname="com.externalApi.Dumps"/>
  <testcase name="login" time="0.000" classname="com.externalApi.Dumps"/>
  <testcase name="login" time="0.001" classname="com.externalApi.Dumps"/>
  <testcase name="login" time="0.001" classname="com.externalApi.Dumps"/>
  <testcase name="login" time="0.000" classname="com.externalApi.Dumps"/>
  <testcase name="login" time="0.000" classname="com.externalApi.Dumps"/>
  <testcase name="login" time="0.000" classname="com.externalApi.Dumps"/>
  <testcase name="login" time="0.000" classname="com.externalApi.Dumps"/>
  <testcase name="login" time="0.008" classname="com.externalApi.Dumps"/>
  <testcase name="login" time="0.001" classname="com.externalApi.Dumps"/>
  <testcase name="login" time="0.001" classname="com.externalApi.Dumps"/>
  <testcase name="login" time="0.001" classname="com.externalApi.Dumps"/>
  <testcase name="login" time="0.000" classname="com.externalApi.Dumps"/>
  <testcase name="login" time="0.001" classname="com.externalApi.Dumps"/>
  <testcase name="login" time="0.000" classname="com.externalApi.Dumps"/>
  <testcase name="login" time="0.000" classname="com.externalApi.Dumps"/>
  <testcase name="login" time="0.000" classname="com.externalApi.Dumps"/>
  <testcase name="login" time="0.000" classname="com.externalApi.Dumps"/>
  <testcase name="login" time="0.001" classname="com.externalApi.Dumps"/>
  <testcase name="login" time="0.002" classname="com.externalApi.Dumps"/>
  <testcase name="login" time="0.000" classname="com.externalApi.Dumps"/>
  <testcase name="login" time="0.000" classname="com.externalApi.Dumps"/>
  <testcase name="login" time="0.001" classname="com.externalApi.Dumps"/>
  <testcase name="login" time="0.000" classname="com.externalApi.Dumps"/>
  <testcase name="login" time="0.001" classname="com.externalApi.Dumps"/>
  <testcase name="login" time="0.003" classname="com.externalApi.Dumps"/>
  <testcase name="login" time="0.001" classname="com.externalApi.Dumps"/>
  <testcase name="login" time="0.000" classname="com.externalApi.Dumps"/>
  <testcase name="login" time="0.001" classname="com.externalApi.Dumps"/>
  <testcase name="login" time="0.001" classname="com.externalApi.Dumps"/>
  <testcase name="login" time="0.000" classname="com.externalApi.Dumps"/>
  <testcase name="login" time="0.000" classname="com.externalApi.Dumps"/>
  <testcase name="login" time="0.000" classname="com.externalApi.Dumps"/>
  <testcase name="login" time="0.001" classname="com.externalApi.Dumps"/>
  <testcase name="login" time="0.001" classname="com.externalApi.Dumps"/>
  <testcase name="login" time="0.001" classname="com.externalApi.Dumps"/>
  <testcase name="login" time="0.000" classname="com.externalApi.Dumps"/>
  <testcase name="login" time="0.001" classname="com.externalApi.Dumps"/>
  <testcase name="login" time="0.000" classname="com.externalApi.Dumps"/>
  <testcase name="login" time="0.000" classname="com.externalApi.Dumps"/>
  <testcase name="login" time="0.000" classname="com.externalApi.Dumps"/>
  <testcase name="login" time="0.000" classname="com.externalApi.Dumps"/>
  <testcase name="login" time="0.000" classname="com.externalApi.Dumps"/>
  <testcase name="login" time="0.000" classname="com.externalApi.Dumps"/>
  <testcase name="login" time="0.000" classname="com.externalApi.Dumps"/>
  <testcase name="login" time="0.000" classname="com.externalApi.Dumps"/>
  <testcase name="login" time="0.011" classname="com.externalApi.Dumps"/>
  <testcase name="login" time="0.000" classname="com.externalApi.Dumps"/>
  <testcase name="login" time="0.001" classname="com.externalApi.Dumps"/>
  <testcase name="login" time="0.000" classname="com.externalApi.Dumps"/>
  <testcase name="login" time="0.000" classname="com.externalApi.Dumps"/>
  <testcase name="login" time="0.001" classname="com.externalApi.Dumps"/>
  <testcase name="login" time="0.000" classname="com.externalApi.Dumps"/>
  <testcase name="login" time="0.000" classname="com.externalApi.Dumps"/>
  <testcase name="login" time="0.001" classname="com.externalApi.Dumps"/>
  <testcase name="login" time="0.001" classname="com.externalApi.Dumps"/>
  <testcase name="login" time="0.000" classname="com.externalApi.Dumps"/>
  <testcase name="login" time="0.000" classname="com.externalApi.Dumps"/>
  <testcase name="login" time="0.001" classname="com.externalApi.Dumps"/>
  <testcase name="login" time="0.001" classname="com.externalApi.Dumps"/>
  <testcase name="login" time="0.011" classname="com.externalApi.Dumps"/>
  <testcase name="login" time="0.001" classname="com.externalApi.Dumps"/>
  <testcase name="login" time="0.000" classname="com.externalApi.Dumps"/>
  <testcase name="login" time="0.001" classname="com.externalApi.Dumps"/>
  <testcase name="login" time="0.000" classname="com.externalApi.Dumps"/>
  <testcase name="login" time="0.001" classname="com.externalApi.Dumps"/>
  <testcase name="login" time="0.001" classname="com.externalApi.Dumps"/>
  <testcase name="login" time="0.001" classname="com.externalApi.Dumps"/>
  <testcase name="login" time="0.000" classname="com.externalApi.Dumps"/>
  <testcase name="login" time="0.000" classname="com.externalApi.Dumps"/>
  <testcase name="login" time="0.001" classname="com.externalApi.Dumps"/>
  <testcase name="login" time="0.001" classname="com.externalApi.Dumps"/>
  <testcase name="login" time="0.001" classname="com.externalApi.Dumps"/>
  <testcase name="login" time="0.002" classname="com.externalApi.Dumps"/>
  <testcase name="login" time="0.120" classname="com.externalApi.Dumps"/>
  <testcase name="login" time="0.000" classname="com.externalApi.Dumps"/>
  <testcase name="login" time="0.000" classname="com.externalApi.Dumps"/>
  <testcase name="login" time="0.000" classname="com.externalApi.Dumps"/>
  <testcase name="login" time="0.000" classname="com.externalApi.Dumps"/>
  <testcase name="login" time="0.003" classname="com.externalApi.Dumps"/>
  <testcase name="login" time="0.001" classname="com.externalApi.Dumps"/>
  <testcase name="login" time="0.000" classname="com.externalApi.Dumps"/>
  <testcase name="login" time="0.001" classname="com.externalApi.Dumps"/>
  <testcase name="login" time="0.000" classname="com.externalApi.Dumps"/>
  <testcase name="login" time="0.000" classname="com.externalApi.Dumps"/>
  <testcase name="login" time="0.001" classname="com.externalApi.Dumps"/>
  <testcase name="login" time="0.000" classname="com.externalApi.Dumps"/>
  <testcase name="login" time="0.001" classname="com.externalApi.Dumps"/>
  <testcase name="login" time="0.000" classname="com.externalApi.Dumps"/>
  <testcase name="login" time="0.007" classname="com.externalApi.Dumps"/>
  <testcase name="login" time="0.000" classname="com.externalApi.Dumps"/>
  <testcase name="login" time="0.000" classname="com.externalApi.Dumps"/>
  <testcase name="login" time="0.000" classname="com.externalApi.Dumps"/>
  <testcase name="login" time="0.000" classname="com.externalApi.Dumps"/>
  <testcase name="login" time="0.000" classname="com.externalApi.Dumps"/>
  <testcase name="login" time="0.001" classname="com.externalApi.Dumps"/>
  <testcase name="login" time="0.048" classname="com.externalApi.Dumps"/>
  <testcase name="login" time="0.000" classname="com.externalApi.Dumps"/>
  <testcase name="login" time="0.001" classname="com.externalApi.Dumps"/>
  <testcase name="login" time="0.000" classname="com.externalApi.Dumps"/>
  <testcase name="login" time="0.000" classname="com.externalApi.Dumps"/>
  <testcase name="login" time="0.000" classname="com.externalApi.Dumps"/>
  <testcase name="login" time="0.000" classname="com.externalApi.Dumps"/>
  <testcase name="login" time="0.001" classname="com.externalApi.Dumps"/>
  <testcase name="login" time="0.001" classname="com.externalApi.Dumps"/>
  <testcase name="login" time="0.000" classname="com.externalApi.Dumps"/>
  <testcase name="login" time="0.000" classname="com.externalApi.Dumps"/>
  <testcase name="login" time="0.001" classname="com.externalApi.Dumps"/>
  <testcase name="login" time="0.001" classname="com.externalApi.Dumps"/>
  <testcase name="login" time="0.000" classname="com.externalApi.Dumps"/>
  <testcase name="login" time="0.000" classname="com.externalApi.Dumps"/>
  <testcase name="login" time="0.001" classname="com.externalApi.Dumps"/>
  <testcase name="login" time="0.001" classname="com.externalApi.Dumps"/>
  <testcase name="login" time="0.001" classname="com.externalApi.Dumps"/>
  <testcase name="login" time="0.001" classname="com.externalApi.Dumps"/>
  <testcase name="login" time="0.001" classname="com.externalApi.Dumps"/>
  <testcase name="login" time="0.000" classname="com.externalApi.Dumps"/>
  <testcase name="login" time="0.000" classname="com.externalApi.Dumps"/>
  <testcase name="login" time="0.001" classname="com.externalApi.Dumps"/>
  <testcase name="login" time="0.000" classname="com.externalApi.Dumps"/>
  <testcase name="login" time="0.002" classname="com.externalApi.Dumps"/>
  <testcase name="login" time="0.001" classname="com.externalApi.Dumps"/>
  <testcase name="login" time="0.000" classname="com.externalApi.Dumps"/>
  <testcase name="login" time="0.001" classname="com.externalApi.Dumps"/>
  <testcase name="login" time="0.000" classname="com.externalApi.Dumps"/>
  <testcase name="login" time="0.001" classname="com.externalApi.Dumps"/>
  <testcase name="login" time="0.001" classname="com.externalApi.Dumps"/>
  <testcase name="login" time="0.001" classname="com.externalApi.Dumps"/>
  <testcase name="login" time="0.001" classname="com.externalApi.Dumps"/>
  <testcase name="login" time="0.000" classname="com.externalApi.Dumps"/>
  <testcase name="login" time="0.000" classname="com.externalApi.Dumps"/>
  <testcase name="login" time="0.002" classname="com.externalApi.Dumps"/>
  <testcase name="login" time="0.002" classname="com.externalApi.Dumps"/>
  <testcase name="login" time="0.000" classname="com.externalApi.Dumps"/>
  <testcase name="login" time="0.001" classname="com.externalApi.Dumps"/>
  <testcase name="login" time="0.000" classname="com.externalApi.Dumps"/>
  <testcase name="login" time="0.000" classname="com.externalApi.Dumps"/>
  <testcase name="login" time="0.001" classname="com.externalApi.Dumps"/>
  <testcase name="login" time="0.001" classname="com.externalApi.Dumps"/>
  <testcase name="login" time="0.001" classname="com.externalApi.Dumps"/>
  <testcase name="login" time="0.001" classname="com.externalApi.Dumps"/>
  <testcase name="login" time="0.000" classname="com.externalApi.Dumps"/>
  <testcase name="login" time="0.000" classname="com.externalApi.Dumps"/>
  <testcase name="login" time="0.002" classname="com.externalApi.Dumps"/>
  <testcase name="login" time="0.000" classname="com.externalApi.Dumps"/>
  <testcase name="login" time="0.000" classname="com.externalApi.Dumps"/>
  <testcase name="login" time="0.000" classname="com.externalApi.Dumps"/>
  <testcase name="login" time="0.000" classname="com.externalApi.Dumps"/>
  <testcase name="login" time="0.001" classname="com.externalApi.Dumps"/>
  <testcase name="login" time="0.002" classname="com.externalApi.Dumps"/>
  <testcase name="login" time="0.000" classname="com.externalApi.Dumps"/>
  <testcase name="login" time="0.000" classname="com.externalApi.Dumps"/>
  <testcase name="login" time="0.001" classname="com.externalApi.Dumps"/>
  <testcase name="login" time="0.001" classname="com.externalApi.Dumps"/>
  <testcase name="login" time="0.000" classname="com.externalApi.Dumps"/>
  <testcase name="login" time="0.000" classname="com.externalApi.Dumps"/>
  <testcase name="login" time="0.001" classname="com.externalApi.Dumps"/>
  <testcase name="login" time="0.000" classname="com.externalApi.Dumps"/>
  <testcase name="login" time="0.000" classname="com.externalApi.Dumps"/>
  <testcase name="login" time="0.001" classname="com.externalApi.Dumps"/>
  <testcase name="login" time="0.001" classname="com.externalApi.Dumps"/>
  <testcase name="login" time="0.000" classname="com.externalApi.Dumps"/>
  <testcase name="login" time="0.000" classname="com.externalApi.Dumps"/>
  <testcase name="login" time="0.000" classname="com.externalApi.Dumps"/>
  <testcase name="login" time="0.001" classname="com.externalApi.Dumps"/>
  <testcase name="login" time="0.001" classname="com.externalApi.Dumps"/>
  <testcase name="login" time="0.001" classname="com.externalApi.Dumps"/>
  <testcase name="login" time="0.001" classname="com.externalApi.Dumps"/>
  <testcase name="login" time="0.000" classname="com.externalApi.Dumps"/>
  <testcase name="login" time="0.000" classname="com.externalApi.Dumps"/>
  <testcase name="login" time="0.001" classname="com.externalApi.Dumps"/>
  <testcase name="login" time="0.001" classname="com.externalApi.Dumps"/>
  <testcase name="login" time="0.000" classname="com.externalApi.Dumps"/>
  <testcase name="login" time="0.000" classname="com.externalApi.Dumps"/>
  <testcase name="login" time="0.000" classname="com.externalApi.Dumps"/>
  <testcase name="login" time="0.001" classname="com.externalApi.Dumps"/>
  <testcase name="login" time="0.001" classname="com.externalApi.Dumps"/>
  <testcase name="login" time="0.001" classname="com.externalApi.Dumps"/>
  <testcase name="login" time="0.001" classname="com.externalApi.Dumps"/>
  <testcase name="login" time="0.001" classname="com.externalApi.Dumps"/>
  <testcase name="login" time="0.001" classname="com.externalApi.Dumps"/>
  <testcase name="login" time="0.001" classname="com.externalApi.Dumps"/>
  <testcase name="login" time="0.000" classname="com.externalApi.Dumps"/>
  <testcase name="login" time="0.000" classname="com.externalApi.Dumps"/>
  <testcase name="login" time="0.000" classname="com.externalApi.Dumps"/>
  <testcase name="login" time="0.001" classname="com.externalApi.Dumps"/>
  <testcase name="login" time="0.000" classname="com.externalApi.Dumps"/>
  <testcase name="login" time="0.000" classname="com.externalApi.Dumps"/>
  <testcase name="login" time="0.001" classname="com.externalApi.Dumps"/>
  <testcase name="login" time="0.001" classname="com.externalApi.Dumps"/>
  <testcase name="login" time="0.001" classname="com.externalApi.Dumps"/>
  <testcase name="login" time="0.001" classname="com.externalApi.Dumps"/>
  <testcase name="login" time="0.001" classname="com.externalApi.Dumps"/>
  <testcase name="login" time="0.001" classname="com.externalApi.Dumps"/>
  <testcase name="login" time="0.001" classname="com.externalApi.Dumps"/>
  <testcase name="login" time="0.001" classname="com.externalApi.Dumps"/>
  <testcase name="login" time="0.000" classname="com.externalApi.Dumps"/>
  <testcase name="login" time="0.000" classname="com.externalApi.Dumps"/>
  <testcase name="login" time="0.001" classname="com.externalApi.Dumps"/>
  <testcase name="login" time="0.000" classname="com.externalApi.Dumps"/>
  <testcase name="login" time="0.000" classname="com.externalApi.Dumps"/>
  <testcase name="login" time="0.000" classname="com.externalApi.Dumps"/>
  <testcase name="login" time="0.000" classname="com.externalApi.Dumps"/>
  <testcase name="login" time="0.000" classname="com.externalApi.Dumps"/>
  <testcase name="login" time="0.001" classname="com.externalApi.Dumps"/>
  <testcase name="login" time="0.000" classname="com.externalApi.Dumps"/>
  <testcase name="login" time="0.001" classname="com.externalApi.Dumps"/>
  <testcase name="login" time="0.001" classname="com.externalApi.Dumps"/>
  <testcase name="login" time="0.000" classname="com.externalApi.Dumps"/>
  <testcase name="login" time="0.000" classname="com.externalApi.Dumps"/>
  <testcase name="login" time="0.000" classname="com.externalApi.Dumps"/>
  <testcase name="login" time="0.000" classname="com.externalApi.Dumps"/>
  <testcase name="login" time="0.001" classname="com.externalApi.Dumps"/>
  <testcase name="login" time="0.000" classname="com.externalApi.Dumps"/>
  <testcase name="login" time="0.001" classname="com.externalApi.Dumps"/>
  <testcase name="login" time="0.000" classname="com.externalApi.Dumps"/>
  <testcase name="login" time="0.031" classname="com.externalApi.Dumps"/>
  <testcase name="login" time="0.000" classname="com.externalApi.Dumps"/>
  <testcase name="login" time="0.000" classname="com.externalApi.Dumps"/>
  <testcase name="login" time="0.001" classname="com.externalApi.Dumps"/>
  <testcase name="login" time="0.001" classname="com.externalApi.Dumps"/>
  <testcase name="login" time="0.001" classname="com.externalApi.Dumps"/>
  <testcase name="login" time="0.000" classname="com.externalApi.Dumps"/>
  <testcase name="login" time="0.000" classname="com.externalApi.Dumps"/>
  <testcase name="login" time="0.000" classname="com.externalApi.Dumps"/>
  <testcase name="login" time="0.000" classname="com.externalApi.Dumps"/>
  <testcase name="login" time="0.001" classname="com.externalApi.Dumps"/>
  <testcase name="login" time="0.001" classname="com.externalApi.Dumps"/>
  <testcase name="login" time="0.000" classname="com.externalApi.Dumps"/>
  <testcase name="login" time="0.000" classname="com.externalApi.Dumps"/>
  <testcase name="login" time="0.001" classname="com.externalApi.Dumps"/>
  <testcase name="login" time="0.001" classname="com.externalApi.Dumps"/>
  <testcase name="login" time="0.001" classname="com.externalApi.Dumps"/>
  <testcase name="login" time="0.000" classname="com.externalApi.Dumps"/>
  <testcase name="login" time="0.001" classname="com.externalApi.Dumps"/>
  <testcase name="login" time="0.001" classname="com.externalApi.Dumps"/>
  <testcase name="login" time="0.000" classname="com.externalApi.Dumps"/>
  <testcase name="login" time="0.000" classname="com.externalApi.Dumps"/>
  <testcase name="login" time="0.000" classname="com.externalApi.Dumps"/>
  <testcase name="login" time="0.007" classname="com.externalApi.Dumps"/>
  <testcase name="login" time="0.000" classname="com.externalApi.Dumps"/>
  <testcase name="login" time="0.001" classname="com.externalApi.Dumps"/>
  <testcase name="login" time="0.001" classname="com.externalApi.Dumps"/>
  <testcase name="login" time="0.000" classname="com.externalApi.Dumps"/>
  <testcase name="login" time="0.000" classname="com.externalApi.Dumps"/>
  <testcase name="login" time="0.003" classname="com.externalApi.Dumps"/>
  <testcase name="login" time="0.000" classname="com.externalApi.Dumps"/>
  <testcase name="login" time="0.014" classname="com.externalApi.Dumps"/>
  <testcase name="login" time="0.000" classname="com.externalApi.Dumps"/>
  <testcase name="login" time="0.000" classname="com.externalApi.Dumps"/>
  <testcase name="login" time="0.000" classname="com.externalApi.Dumps"/>
  <testcase name="login" time="0.001" classname="com.externalApi.Dumps"/>
  <testcase name="login" time="0.000" classname="com.externalApi.Dumps"/>
  <testcase name="login" time="0.001" classname="com.externalApi.Dumps"/>
  <testcase name="login" time="0.001" classname="com.externalApi.Dumps"/>
  <testcase name="login" time="0.000" classname="com.externalApi.Dumps"/>
  <testcase name="login" time="0.001" classname="com.externalApi.Dumps"/>
  <testcase name="login" time="0.000" classname="com.externalApi.Dumps"/>
  <testcase name="login" time="0.000" classname="com.externalApi.Dumps"/>
  <testcase name="login" time="0.000" classname="com.externalApi.Dumps"/>
  <testcase name="login" time="0.000" classname="com.externalApi.Dumps"/>
  <testcase name="login" time="0.000" classname="com.externalApi.Dumps"/>
  <testcase name="login" time="0.000" classname="com.externalApi.Dumps"/>
  <testcase name="login" time="0.001" classname="com.externalApi.Dumps"/>
  <testcase name="login" time="0.001" classname="com.externalApi.Dumps"/>
  <testcase name="login" time="0.000" classname="com.externalApi.Dumps"/>
  <testcase name="login" time="0.001" classname="com.externalApi.Dumps"/>
  <testcase name="login" time="0.000" classname="com.externalApi.Dumps"/>
  <testcase name="login" time="0.000" classname="com.externalApi.Dumps"/>
  <testcase name="login" time="0.001" classname="com.externalApi.Dumps"/>
  <testcase name="login" time="0.001" classname="com.externalApi.Dumps"/>
  <testcase name="login" time="0.000" classname="com.externalApi.Dumps"/>
  <testcase name="login" time="0.001" classname="com.externalApi.Dumps"/>
  <testcase name="login" time="0.000" classname="com.externalApi.Dumps"/>
  <testcase name="login" time="0.007" classname="com.externalApi.Dumps"/>
  <testcase name="login" time="0.001" classname="com.externalApi.Dumps"/>
  <testcase name="login" time="0.000" classname="com.externalApi.Dumps"/>
  <testcase name="login" time="0.001" classname="com.externalApi.Dumps"/>
  <testcase name="login" time="0.000" classname="com.externalApi.Dumps"/>
  <testcase name="login" time="0.001" classname="com.externalApi.Dumps"/>
  <testcase name="login" time="0.000" classname="com.externalApi.Dumps"/>
  <testcase name="login" time="0.000" classname="com.externalApi.Dumps"/>
  <testcase name="login" time="0.000" classname="com.externalApi.Dumps"/>
  <testcase name="login" time="0.001" classname="com.externalApi.Dumps"/>
  <testcase name="login" time="0.000" classname="com.externalApi.Dumps"/>
  <testcase name="login" time="0.001" classname="com.externalApi.Dumps"/>
  <testcase name="login" time="0.001" classname="com.externalApi.Dumps"/>
  <testcase name="login" time="0.000" classname="com.externalApi.Dumps"/>
  <testcase name="login" time="0.001" classname="com.externalApi.Dumps"/>
  <testcase name="login" time="0.000" classname="com.externalApi.Dumps"/>
  <testcase name="login" time="0.000" classname="com.externalApi.Dumps"/>
  <testcase name="login" time="0.000" classname="com.externalApi.Dumps"/>
  <testcase name="login" time="0.001" classname="com.externalApi.Dumps"/>
  <testcase name="login" time="0.000" classname="com.externalApi.Dumps"/>
  <testcase name="login" time="0.000" classname="com.externalApi.Dumps"/>
  <testcase name="login" time="0.001" classname="com.externalApi.Dumps"/>
  <testcase name="login" time="0.001" classname="com.externalApi.Dumps"/>
  <testcase name="login" time="0.000" classname="com.externalApi.Dumps"/>
  <testcase name="login" time="0.001" classname="com.externalApi.Dumps"/>
  <testcase name="login" time="0.000" classname="com.externalApi.Dumps"/>
  <testcase name="login" time="0.003" classname="com.externalApi.Dumps"/>
  <testcase name="login" time="0.001" classname="com.externalApi.Dumps"/>
  <testcase name="login" time="0.001" classname="com.externalApi.Dumps"/>
  <testcase name="login" time="0.001" classname="com.externalApi.Dumps"/>
  <testcase name="login" time="0.000" classname="com.externalApi.Dumps"/>
  <testcase name="login" time="0.000" classname="com.externalApi.Dumps"/>
  <testcase name="login" time="0.001" classname="com.externalApi.Dumps"/>
  <testcase name="login" time="0.001" classname="com.externalApi.Dumps"/>
  <testcase name="login" time="0.001" classname="com.externalApi.Dumps"/>
  <testcase name="login" time="0.003" classname="com.externalApi.Dumps"/>
  <testcase name="login" time="0.002" classname="com.externalApi.Dumps"/>
  <testcase name="login" time="0.000" classname="com.externalApi.Dumps"/>
  <testcase name="login" time="0.001" classname="com.externalApi.Dumps"/>
  <testcase name="login" time="0.001" classname="com.externalApi.Dumps"/>
  <testcase name="login" time="0.001" classname="com.externalApi.Dumps"/>
  <testcase name="login" time="0.001" classname="com.externalApi.Dumps"/>
  <testcase name="login" time="0.000" classname="com.externalApi.Dumps"/>
  <testcase name="login" time="0.001" classname="com.externalApi.Dumps"/>
  <testcase name="login" time="0.001" classname="com.externalApi.Dumps"/>
  <testcase name="login" time="0.001" classname="com.externalApi.Dumps"/>
  <testcase name="login" time="0.000" classname="com.externalApi.Dumps"/>
  <testcase name="login" time="0.001" classname="com.externalApi.Dumps"/>
  <testcase name="login" time="0.000" classname="com.externalApi.Dumps"/>
  <testcase name="login" time="0.001" classname="com.externalApi.Dumps"/>
  <testcase name="login" time="0.001" classname="com.externalApi.Dumps"/>
  <testcase name="login" time="0.000" classname="com.externalApi.Dumps"/>
  <testcase name="login" time="0.001" classname="com.externalApi.Dumps"/>
  <testcase name="login" time="0.000" classname="com.externalApi.Dumps"/>
  <testcase name="login" time="0.000" classname="com.externalApi.Dumps"/>
  <testcase name="login" time="0.000" classname="com.externalApi.Dumps"/>
  <testcase name="login" time="0.000" classname="com.externalApi.Dumps"/>
  <testcase name="login" time="0.000" classname="com.externalApi.Dumps"/>
  <testcase name="login" time="0.000" classname="com.externalApi.Dumps"/>
  <testcase name="login" time="0.002" classname="com.externalApi.Dumps"/>
  <testcase name="login" time="0.001" classname="com.externalApi.Dumps"/>
  <testcase name="login" time="0.001" classname="com.externalApi.Dumps"/>
  <testcase name="login" time="0.000" classname="com.externalApi.Dumps"/>
  <testcase name="login" time="0.000" classname="com.externalApi.Dumps"/>
  <testcase name="login" time="0.001" classname="com.externalApi.Dumps"/>
  <testcase name="login" time="0.001" classname="com.externalApi.Dumps"/>
  <testcase name="login" time="0.001" classname="com.externalApi.Dumps"/>
  <testcase name="login" time="0.000" classname="com.externalApi.Dumps"/>
  <testcase name="login" time="0.000" classname="com.externalApi.Dumps"/>
  <testcase name="login" time="0.000" classname="com.externalApi.Dumps"/>
  <testcase name="login" time="0.001" classname="com.externalApi.Dumps"/>
  <testcase name="login" time="0.000" classname="com.externalApi.Dumps"/>
  <testcase name="login" time="0.001" classname="com.externalApi.Dumps"/>
  <testcase name="login" time="0.000" classname="com.externalApi.Dumps"/>
  <testcase name="login" time="0.001" classname="com.externalApi.Dumps"/>
  <testcase name="login" time="0.000" classname="com.externalApi.Dumps"/>
  <testcase name="login" time="0.001" classname="com.externalApi.Dumps"/>
  <testcase name="login" time="0.000" classname="com.externalApi.Dumps"/>
  <testcase name="login" time="0.000" classname="com.externalApi.Dumps"/>
  <testcase name="login" time="0.000" classname="com.externalApi.Dumps"/>
  <testcase name="login" time="0.001" classname="com.externalApi.Dumps"/>
  <testcase name="login" time="0.000" classname="com.externalApi.Dumps"/>
  <testcase name="login" time="0.001" classname="com.externalApi.Dumps"/>
  <testcase name="login" time="0.001" classname="com.externalApi.Dumps"/>
  <testcase name="login" time="0.000" classname="com.externalApi.Dumps"/>
  <testcase name="login" time="0.001" classname="com.externalApi.Dumps"/>
  <testcase name="login" time="0.001" classname="com.externalApi.Dumps"/>
  <testcase name="login" time="0.000" classname="com.externalApi.Dumps"/>
  <testcase name="login" time="0.001" classname="com.externalApi.Dumps"/>
  <testcase name="login" time="0.000" classname="com.externalApi.Dumps"/>
  <testcase name="login" time="0.001" classname="com.externalApi.Dumps"/>
  <testcase name="login" time="0.001" classname="com.externalApi.Dumps"/>
  <testcase name="login" time="0.000" classname="com.externalApi.Dumps"/>
  <testcase name="login" time="0.001" classname="com.externalApi.Dumps"/>
  <testcase name="login" time="0.001" classname="com.externalApi.Dumps"/>
  <testcase name="login" time="0.000" classname="com.externalApi.Dumps"/>
  <testcase name="login" time="0.002" classname="com.externalApi.Dumps"/>
  <testcase name="login" time="0.057" classname="com.externalApi.Dumps"/>
  <testcase name="login" time="0.000" classname="com.externalApi.Dumps"/>
  <testcase name="login" time="0.000" classname="com.externalApi.Dumps"/>
  <testcase name="login" time="0.000" classname="com.externalApi.Dumps"/>
  <testcase name="login" time="0.001" classname="com.externalApi.Dumps"/>
  <testcase name="login" time="0.000" classname="com.externalApi.Dumps"/>
  <testcase name="login" time="0.001" classname="com.externalApi.Dumps"/>
  <testcase name="login" time="0.000" classname="com.externalApi.Dumps"/>
  <testcase name="login" time="0.000" classname="com.externalApi.Dumps"/>
  <testcase name="login" time="0.000" classname="com.externalApi.Dumps"/>
  <testcase name="login" time="0.001" classname="com.externalApi.Dumps"/>
  <testcase name="login" time="0.001" classname="com.externalApi.Dumps"/>
  <testcase name="login" time="0.000" classname="com.externalApi.Dumps"/>
  <testcase name="login" time="0.001" classname="com.externalApi.Dumps"/>
  <testcase name="login" time="0.001" classname="com.externalApi.Dumps"/>
  <testcase name="login" time="0.002" classname="com.externalApi.Dumps"/>
  <testcase name="login" time="0.000" classname="com.externalApi.Dumps"/>
  <testcase name="login" time="0.001" classname="com.externalApi.Dumps"/>
  <testcase name="login" time="0.001" classname="com.externalApi.Dumps"/>
  <testcase name="login" time="0.003" classname="com.externalApi.Dumps"/>
  <testcase name="login" time="0.000" classname="com.externalApi.Dumps"/>
  <testcase name="login" time="0.000" classname="com.externalApi.Dumps"/>
  <testcase name="login" time="0.001" classname="com.externalApi.Dumps"/>
  <testcase name="login" time="0.002" classname="com.externalApi.Dumps"/>
  <testcase name="login" time="0.000" classname="com.externalApi.Dumps"/>
  <testcase name="login" time="0.000" classname="com.externalApi.Dumps"/>
  <testcase name="login" time="0.000" classname="com.externalApi.Dumps"/>
  <testcase name="login" time="0.001" classname="com.externalApi.Dumps"/>
  <testcase name="login" time="0.001" classname="com.externalApi.Dumps"/>
  <testcase name="login" time="0.001" classname="com.externalApi.Dumps"/>
  <testcase name="login" time="0.000" classname="com.externalApi.Dumps"/>
  <testcase name="login" time="0.000" classname="com.externalApi.Dumps"/>
  <testcase name="login" time="0.000" classname="com.externalApi.Dumps"/>
  <testcase name="login" time="0.001" classname="com.externalApi.Dumps"/>
  <testcase name="login" time="0.001" classname="com.externalApi.Dumps"/>
  <testcase name="login" time="0.000" classname="com.externalApi.Dumps"/>
  <testcase name="login" time="0.001" classname="com.externalApi.Dumps"/>
  <testcase name="login" time="0.001" classname="com.externalApi.Dumps"/>
  <testcase name="login" time="0.000" classname="com.externalApi.Dumps"/>
  <testcase name="login" time="0.000" classname="com.externalApi.Dumps"/>
  <testcase name="login" time="0.000" classname="com.externalApi.Dumps"/>
  <testcase name="login" time="0.000" classname="com.externalApi.Dumps"/>
  <testcase name="login" time="0.000" classname="com.externalApi.Dumps"/>
  <testcase name="login" time="0.000" classname="com.externalApi.Dumps"/>
  <testcase name="login" time="0.001" classname="com.externalApi.Dumps"/>
  <testcase name="login" time="0.001" classname="com.externalApi.Dumps"/>
  <testcase name="login" time="0.001" classname="com.externalApi.Dumps"/>
  <testcase name="login" time="0.000" classname="com.externalApi.Dumps"/>
  <testcase name="login" time="0.001" classname="com.externalApi.Dumps"/>
  <testcase name="login" time="0.000" classname="com.externalApi.Dumps"/>
  <testcase name="login" time="0.001" classname="com.externalApi.Dumps"/>
  <testcase name="login" time="0.000" classname="com.externalApi.Dumps"/>
  <testcase name="login" time="0.000" classname="com.externalApi.Dumps"/>
  <testcase name="login" time="0.001" classname="com.externalApi.Dumps"/>
  <testcase name="login" time="0.001" classname="com.externalApi.Dumps"/>
  <testcase name="login" time="0.001" classname="com.externalApi.Dumps"/>
  <testcase name="login" time="0.001" classname="com.externalApi.Dumps"/>
  <testcase name="login" time="0.000" classname="com.externalApi.Dumps"/>
  <testcase name="login" time="0.001" classname="com.externalApi.Dumps"/>
  <testcase name="login" time="0.000" classname="com.externalApi.Dumps"/>
  <testcase name="login" time="0.000" classname="com.externalApi.Dumps"/>
  <testcase name="login" time="0.001" classname="com.externalApi.Dumps"/>
  <testcase name="login" time="0.000" classname="com.externalApi.Dumps"/>
  <testcase name="login" time="0.001" classname="com.externalApi.Dumps"/>
  <testcase name="login" time="0.001" classname="com.externalApi.Dumps"/>
  <testcase name="login" time="0.001" classname="com.externalApi.Dumps"/>
  <testcase name="login" time="0.001" classname="com.externalApi.Dumps"/>
  <testcase name="login" time="0.001" classname="com.externalApi.Dumps"/>
  <testcase name="login" time="0.105" classname="com.externalApi.Dumps"/>
  <testcase name="login" time="0.000" classname="com.externalApi.Dumps"/>
  <testcase name="login" time="0.001" classname="com.externalApi.Dumps"/>
  <testcase name="login" time="0.000" classname="com.externalApi.Dumps"/>
  <testcase name="login" time="0.000" classname="com.externalApi.Dumps"/>
  <testcase name="login" time="0.001" classname="com.externalApi.Dumps"/>
  <testcase name="login" time="0.000" classname="com.externalApi.Dumps"/>
  <testcase name="login" time="0.003" classname="com.externalApi.Dumps"/>
  <testcase name="login" time="0.000" classname="com.externalApi.Dumps"/>
  <testcase name="login" time="0.000" classname="com.externalApi.Dumps"/>
  <testcase name="login" time="0.000" classname="com.externalApi.Dumps"/>
  <testcase name="login" time="0.001" classname="com.externalApi.Dumps"/>
  <testcase name="login" time="0.002" classname="com.externalApi.Dumps"/>
  <testcase name="login" time="0.000" classname="com.externalApi.Dumps"/>
  <testcase name="login" time="0.001" classname="com.externalApi.Dumps"/>
  <testcase name="login" time="0.000" classname="com.externalApi.Dumps"/>
  <testcase name="login" time="0.000" classname="com.externalApi.Dumps"/>
  <testcase name="login" time="0.001" classname="com.externalApi.Dumps"/>
  <testcase name="login" time="0.008" classname="com.externalApi.Dumps"/>
  <testcase name="login" time="0.000" classname="com.externalApi.Dumps"/>
  <testcase name="login" time="0.000" classname="com.externalApi.Dumps"/>
  <testcase name="login" time="0.000" classname="com.externalApi.Dumps"/>
  <testcase name="login" time="0.001" classname="com.externalApi.Dumps"/>
  <testcase name="login" time="0.000" classname="com.externalApi.Dumps"/>
  <testcase name="login" time="0.000" classname="com.externalApi.Dumps"/>
  <testcase name="login" time="0.000" classname="com.externalApi.Dumps"/>
  <testcase name="login" time="0.001" classname="com.externalApi.Dumps"/>
  <testcase name="login" time="0.000" classname="com.externalApi.Dumps"/>
  <testcase name="login" time="0.006" classname="com.externalApi.Dumps"/>
  <testcase name="login" time="0.001" classname="com.externalApi.Dumps"/>
  <testcase name="login" time="0.000" classname="com.externalApi.Dumps"/>
  <testcase name="login" time="0.001" classname="com.externalApi.Dumps"/>
  <testcase name="login" time="0.001" classname="com.externalApi.Dumps"/>
  <testcase name="login" time="0.001" classname="com.externalApi.Dumps"/>
  <testcase name="login" time="0.000" classname="com.externalApi.Dumps"/>
  <testcase name="login" time="0.000" classname="com.externalApi.Dumps"/>
  <testcase name="login" time="0.001" classname="com.externalApi.Dumps"/>
  <testcase name="login" time="0.001" classname="com.externalApi.Dumps"/>
  <testcase name="login" time="0.001" classname="com.externalApi.Dumps"/>
  <testcase name="login" time="0.000" classname="com.externalApi.Dumps"/>
  <testcase name="login" time="0.002" classname="com.externalApi.Dumps"/>
  <testcase name="login" time="0.000" classname="com.externalApi.Dumps"/>
  <testcase name="login" time="0.000" classname="com.externalApi.Dumps"/>
  <testcase name="login" time="0.000" classname="com.externalApi.Dumps"/>
  <testcase name="login" time="0.000" classname="com.externalApi.Dumps"/>
  <testcase name="login" time="0.000" classname="com.externalApi.Dumps"/>
  <testcase name="login" time="0.000" classname="com.externalApi.Dumps"/>
  <testcase name="login" time="0.001" classname="com.externalApi.Dumps"/>
  <testcase name="login" time="0.000" classname="com.externalApi.Dumps"/>
  <testcase name="login" time="0.001" classname="com.externalApi.Dumps"/>
  <testcase name="login" time="0.000" classname="com.externalApi.Dumps"/>
  <testcase name="login" time="0.000" classname="com.externalApi.Dumps"/>
  <testcase name="login" time="0.000" classname="com.externalApi.Dumps"/>
  <testcase name="login" time="0.001" classname="com.externalApi.Dumps"/>
  <testcase name="login" time="0.001" classname="com.externalApi.Dumps"/>
  <testcase name="login" time="0.001" classname="com.externalApi.Dumps"/>
  <testcase name="login" time="0.000" classname="com.externalApi.Dumps"/>
  <testcase name="login" time="0.001" classname="com.externalApi.Dumps"/>
  <testcase name="login" time="0.000" classname="com.externalApi.Dumps"/>
  <testcase name="login" time="0.001" classname="com.externalApi.Dumps"/>
  <testcase name="login" time="0.001" classname="com.externalApi.Dumps"/>
  <testcase name="login" time="0.002" classname="com.externalApi.Dumps"/>
  <testcase name="login" time="0.000" classname="com.externalApi.Dumps"/>
  <testcase name="login" time="0.001" classname="com.externalApi.Dumps"/>
  <testcase name="login" time="0.000" classname="com.externalApi.Dumps"/>
  <testcase name="login" time="0.001" classname="com.externalApi.Dumps"/>
  <testcase name="login" time="0.000" classname="com.externalApi.Dumps"/>
  <testcase name="login" time="0.000" classname="com.externalApi.Dumps"/>
  <testcase name="login" time="0.001" classname="com.externalApi.Dumps"/>
  <testcase name="login" time="0.000" classname="com.externalApi.Dumps"/>
  <testcase name="login" time="0.000" classname="com.externalApi.Dumps"/>
  <testcase name="login" time="0.000" classname="com.externalApi.Dumps"/>
  <testcase name="login" time="0.000" classname="com.externalApi.Dumps"/>
  <testcase name="login" time="0.000" classname="com.externalApi.Dumps"/>
  <testcase name="login" time="0.000" classname="com.externalApi.Dumps"/>
  <testcase name="login" time="0.000" classname="com.externalApi.Dumps"/>
  <testcase name="login" time="0.001" classname="com.externalApi.Dumps"/>
  <testcase name="login" time="0.000" classname="com.externalApi.Dumps"/>
  <testcase name="login" time="0.001" classname="com.externalApi.Dumps"/>
  <testcase name="login" time="0.001" classname="com.externalApi.Dumps"/>
  <testcase name="login" time="0.000" classname="com.externalApi.Dumps"/>
  <testcase name="login" time="0.001" classname="com.externalApi.Dumps"/>
  <testcase name="login" time="0.000" classname="com.externalApi.Dumps"/>
  <testcase name="login" time="0.000" classname="com.externalApi.Dumps"/>
  <testcase name="login" time="0.000" classname="com.externalApi.Dumps"/>
  <testcase name="login" time="0.001" classname="com.externalApi.Dumps"/>
  <testcase name="login" time="0.001" classname="com.externalApi.Dumps"/>
  <testcase name="login" time="0.001" classname="com.externalApi.Dumps"/>
  <testcase name="login" time="0.001" classname="com.externalApi.Dumps"/>
  <testcase name="login" time="0.000" classname="com.externalApi.Dumps"/>
  <testcase name="login" time="0.000" classname="com.externalApi.Dumps"/>
  <testcase name="login" time="0.000" classname="com.externalApi.Dumps"/>
  <testcase name="login" time="0.000" classname="com.externalApi.Dumps"/>
  <testcase name="login" time="0.001" classname="com.externalApi.Dumps"/>
  <testcase name="login" time="0.002" classname="com.externalApi.Dumps"/>
  <testcase name="login" time="0.001" classname="com.externalApi.Dumps"/>
  <testcase name="login" time="0.001" classname="com.externalApi.Dumps"/>
  <testcase name="login" time="0.000" classname="com.externalApi.Dumps"/>
  <testcase name="login" time="0.001" classname="com.externalApi.Dumps"/>
  <testcase name="login" time="0.001" classname="com.externalApi.Dumps"/>
  <testcase name="login" time="0.000" classname="com.externalApi.Dumps"/>
  <testcase name="login" time="0.001" classname="com.externalApi.Dumps"/>
  <testcase name="login" time="0.001" classname="com.externalApi.Dumps"/>
  <testcase name="login" time="0.000" classname="com.externalApi.Dumps"/>
  <testcase name="login" time="0.001" classname="com.externalApi.Dumps"/>
  <testcase name="login" time="0.000" classname="com.externalApi.Dumps"/>
  <testcase name="login" time="0.001" classname="com.externalApi.Dumps"/>
  <testcase name="login" time="0.001" classname="com.externalApi.Dumps"/>
  <testcase name="login" time="0.009" classname="com.externalApi.Dumps"/>
  <testcase name="login" time="0.000" classname="com.externalApi.Dumps"/>
  <testcase name="login" time="0.000" classname="com.externalApi.Dumps"/>
  <testcase name="login" time="0.001" classname="com.externalApi.Dumps"/>
  <testcase name="login" time="0.000" classname="com.externalApi.Dumps"/>
  <testcase name="login" time="0.000" classname="com.externalApi.Dumps"/>
  <testcase name="login" time="0.001" classname="com.externalApi.Dumps"/>
  <testcase name="login" time="0.001" classname="com.externalApi.Dumps"/>
  <testcase name="login" time="0.001" classname="com.externalApi.Dumps"/>
  <testcase name="login" time="0.002" classname="com.externalApi.Dumps"/>
  <testcase name="login" time="0.001" classname="com.externalApi.Dumps"/>
  <testcase name="login" time="0.001" classname="com.externalApi.Dumps"/>
  <testcase name="login" time="0.001" classname="com.externalApi.Dumps"/>
  <testcase name="login" time="0.001" classname="com.externalApi.Dumps"/>
  <testcase name="login" time="0.001" classname="com.externalApi.Dumps"/>
  <testcase name="login" time="0.001" classname="com.externalApi.Dumps"/>
  <testcase name="login" time="0.001" classname="com.externalApi.Dumps"/>
  <testcase name="login" time="0.001" classname="com.externalApi.Dumps"/>
  <testcase name="login" time="0.000" classname="com.externalApi.Dumps"/>
  <testcase name="login" time="0.001" classname="com.externalApi.Dumps"/>
  <testcase name="login" time="0.001" classname="com.externalApi.Dumps"/>
  <testcase name="login" time="0.001" classname="com.externalApi.Dumps"/>
  <testcase name="login" time="0.056" classname="com.externalApi.Dumps"/>
  <testcase name="login" time="0.001" classname="com.externalApi.Dumps"/>
  <testcase name="login" time="0.001" classname="com.externalApi.Dumps"/>
  <testcase name="login" time="0.000" classname="com.externalApi.Dumps"/>
  <testcase name="login" time="0.000" classname="com.externalApi.Dumps"/>
  <testcase name="login" time="0.000" classname="com.externalApi.Dumps"/>
  <testcase name="login" time="0.000" classname="com.externalApi.Dumps"/>
  <testcase name="login" time="0.000" classname="com.externalApi.Dumps"/>
  <testcase name="login" time="0.001" classname="com.externalApi.Dumps"/>
  <testcase name="login" time="0.000" classname="com.externalApi.Dumps"/>
  <testcase name="login" time="0.000" classname="com.externalApi.Dumps"/>
  <testcase name="login" time="0.001" classname="com.externalApi.Dumps"/>
  <testcase name="login" time="0.001" classname="com.externalApi.Dumps"/>
  <testcase name="login" time="0.001" classname="com.externalApi.Dumps"/>
[...]
  <testcase name="login" time="0.001" classname="com.externalApi.Dumps"/>
  <testcase name="login" time="0.001" classname="com.externalApi.Dumps"/>
  <testcase name="login" time="0.001" classname="com.externalApi.Dumps"/>
  <testcase name="login" time="0.345" classname="com.externalApi.Dumps"/>
  <testcase name="login" time="0.000" classname="com.externalApi.Dumps"/>
  <testcase name="login" time="0.001" classname="com.externalApi.Dumps"/>
  <testcase name="login" time="0.002" classname="com.externalApi.Dumps"/>
  <testcase name="login" time="0.002" classname="com.externalApi.Dumps"/>
  <testcase name="login" time="0.001" classname="com.externalApi.Dumps"/>
  <testcase name="login" time="0.000" classname="com.externalApi.Dumps"/>
  <testcase name="login" time="0.002" classname="com.externalApi.Dumps"/>
  <testcase name="login" time="0.001" classname="com.externalApi.Dumps"/>
  <testcase name="login" time="0.000" classname="com.externalApi.Dumps"/>
  <testcase name="login" time="0.001" classname="com.externalApi.Dumps"/>
  <testcase name="login" time="0.001" classname="com.externalApi.Dumps"/>
  <testcase name="login" time="0.001" classname="com.externalApi.Dumps"/>
  <testcase name="login" time="0.000" classname="com.externalApi.Dumps"/>
  <testcase name="login" time="0.001" classname="com.externalApi.Dumps"/>
  <testcase name="login" time="0.000" classname="com.externalApi.Dumps"/>
  <testcase name="login" time="0.001" classname="com.externalApi.Dumps"/>
  <testcase name="login" time="0.000" classname="com.externalApi.Dumps"/>
  <testcase name="login" time="0.002" classname="com.externalApi.Dumps"/>
  <testcase name="login" time="0.000" classname="com.externalApi.Dumps"/>
  <testcase name="login" time="0.001" classname="com.externalApi.Dumps"/>
  <testcase name="login" time="0.000" classname="com.externalApi.Dumps"/>
  <testcase name="login" time="0.001" classname="com.externalApi.Dumps"/>
  <testcase name="login" time="0.000" classname="com.externalApi.Dumps"/>
  <testcase name="login" time="0.001" classname="com.externalApi.Dumps"/>
  <testcase name="login" time="0.000" classname="com.externalApi.Dumps"/>
  <testcase name="login" time="0.000" classname="com.externalApi.Dumps"/>
  <testcase name="login" time="0.002" classname="com.externalApi.Dumps"/>
  <testcase name="login" time="0.000" classname="com.externalApi.Dumps"/>
  <testcase name="login" time="0.000" classname="com.externalApi.Dumps"/>
  <testcase name="login" time="0.001" classname="com.externalApi.Dumps"/>
  <testcase name="login" time="0.000" classname="com.externalApi.Dumps"/>
  <testcase name="login" time="0.001" classname="com.externalApi.Dumps"/>
  <testcase name="login" time="0.001" classname="com.externalApi.Dumps"/>
  <testcase name="login" time="0.001" classname="com.externalApi.Dumps"/>
  <testcase name="login" time="0.000" classname="com.externalApi.Dumps"/>
  <testcase name="login" time="0.000" classname="com.externalApi.Dumps"/>
  <testcase name="login" time="0.003" classname="com.externalApi.Dumps"/>
  <testcase name="login" time="0.000" classname="com.externalApi.Dumps"/>
  <testcase name="login" time="0.001" classname="com.externalApi.Dumps"/>
  <testcase name="login" time="0.000" classname="com.externalApi.Dumps"/>
  <testcase name="login" time="0.005" classname="com.externalApi.Dumps"/>
  <testcase name="login" time="0.000" classname="com.externalApi.Dumps"/>
  <testcase name="login" time="0.001" classname="com.externalApi.Dumps"/>
  <testcase name="login" time="0.000" classname="com.externalApi.Dumps"/>
  <testcase name="login" time="0.000" classname="com.externalApi.Dumps"/>
  <testcase name="login" time="0.001" classname="com.externalApi.Dumps"/>
  <testcase name="login" time="0.001" classname="com.externalApi.Dumps"/>
  <testcase name="login" time="0.001" classname="com.externalApi.Dumps"/>
  <testcase name="login" time="0.000" classname="com.externalApi.Dumps"/>
  <testcase name="login" time="0.000" classname="com.externalApi.Dumps"/>
  <testcase name="login" time="0.000" classname="com.externalApi.Dumps"/>
  <testcase name="login" time="0.000" classname="com.externalApi.Dumps"/>
  <testcase name="login" time="0.000" classname="com.externalApi.Dumps"/>
  <testcase name="login" time="0.001" classname="com.externalApi.Dumps"/>
  <testcase name="login" time="0.001" classname="com.externalApi.Dumps"/>
  <testcase name="login" time="0.001" classname="com.externalApi.Dumps"/>
  <testcase name="login" time="0.000" classname="com.externalApi.Dumps"/>
  <testcase name="login" time="0.000" classname="com.externalApi.Dumps"/>
  <testcase name="login" time="0.000" classname="com.externalApi.Dumps"/>
  <testcase name="login" time="0.003" classname="com.externalApi.Dumps"/>
  <testcase name="login" time="0.001" classname="com.externalApi.Dumps"/>
  <testcase name="login" time="0.000" classname="com.externalApi.Dumps"/>
  <testcase name="login" time="0.000" classname="com.externalApi.Dumps"/>
  <testcase name="login" time="0.001" classname="com.externalApi.Dumps"/>
  <testcase name="login" time="0.000" classname="com.externalApi.Dumps"/>
  <testcase name="login" time="0.001" classname="com.externalApi.Dumps"/>
  <testcase name="login" time="0.002" classname="com.externalApi.Dumps"/>
  <testcase name="login" time="0.001" classname="com.externalApi.Dumps"/>
  <testcase name="login" time="0.000" classname="com.externalApi.Dumps"/>
  <testcase name="login" time="0.001" classname="com.externalApi.Dumps"/>
  <testcase name="login" time="0.000" classname="com.externalApi.Dumps"/>
  <testcase name="login" time="0.000" classname="com.externalApi.Dumps"/>
  <testcase name="login" time="0.001" classname="com.externalApi.Dumps"/>
  <testcase name="login" time="0.001" classname="com.externalApi.Dumps"/>
  <testcase name="login" time="0.001" classname="com.externalApi.Dumps"/>
  <testcase name="login" time="0.000" classname="com.externalApi.Dumps"/>
  <testcase name="login" time="0.001" classname="com.externalApi.Dumps"/>
  <testcase name="login" time="0.000" classname="com.externalApi.Dumps"/>
  <testcase name="login" time="0.001" classname="com.externalApi.Dumps"/>
  <testcase name="login" time="0.001" classname="com.externalApi.Dumps"/>
  <testcase name="login" time="0.000" classname="com.externalApi.Dumps"/>
  <testcase name="login" time="0.000" classname="com.externalApi.Dumps"/>
  <testcase name="login" time="0.000" classname="com.externalApi.Dumps"/>
  <testcase name="login" time="0.002" classname="com.externalApi.Dumps"/>
  <testcase name="login" time="0.000" classname="com.externalApi.Dumps"/>
  <testcase name="login" time="0.001" classname="com.externalApi.Dumps"/>
  <testcase name="login" time="0.004" classname="com.externalApi.Dumps"/>
  <testcase name="login" time="0.001" classname="com.externalApi.Dumps"/>
  <testcase name="login" time="0.000" classname="com.externalApi.Dumps"/>
  <testcase name="login" time="0.001" classname="com.externalApi.Dumps"/>
  <testcase name="login" time="0.000" classname="com.externalApi.Dumps"/>
  <testcase name="login" time="0.000" classname="com.externalApi.Dumps"/>
  <testcase name="login" time="0.001" classname="com.externalApi.Dumps"/>
  <testcase name="login" time="0.001" classname="com.externalApi.Dumps"/>
  <testcase name="login" time="0.000" classname="com.externalApi.Dumps"/>
  <testcase name="login" time="0.001" classname="com.externalApi.Dumps"/>
  <testcase name="login" time="0.001" classname="com.externalApi.Dumps"/>
  <testcase name="login" time="0.001" classname="com.externalApi.Dumps"/>
  <testcase name="login" time="0.000" classname="com.externalApi.Dumps"/>
  <testcase name="login" time="0.000" classname="com.externalApi.Dumps"/>
  <testcase name="login" time="0.000" classname="com.externalApi.Dumps"/>
  <testcase name="login" time="0.001" classname="com.externalApi.Dumps"/>
  <testcase name="login" time="0.000" classname="com.externalApi.Dumps"/>
  <testcase name="login" time="0.005" classname="com.externalApi.Dumps"/>
  <testcase name="login" time="0.000" classname="com.externalApi.Dumps"/>
  <testcase name="login" time="0.001" classname="com.externalApi.Dumps"/>
  <testcase name="login" time="0.000" classname="com.externalApi.Dumps"/>
  <testcase name="login" time="0.001" classname="com.externalApi.Dumps"/>
  <testcase name="login" time="0.001" classname="com.externalApi.Dumps"/>
  <testcase name="login" time="0.001" classname="com.externalApi.Dumps"/>
  <testcase name="login" time="0.000" classname="com.externalApi.Dumps"/>
  <testcase name="login" time="0.001" classname="com.externalApi.Dumps"/>
  <testcase name="login" time="0.001" classname="com.externalApi.Dumps"/>
  <testcase name="login" time="0.001" classname="com.externalApi.Dumps"/>
  <testcase name="login" time="0.000" classname="com.externalApi.Dumps"/>
  <testcase name="login" time="0.000" classname="com.externalApi.Dumps"/>
  <testcase name="login" time="0.005" classname="com.externalApi.Dumps"/>
  <testcase name="login" time="0.001" classname="com.externalApi.Dumps"/>
  <testcase name="login" time="0.000" classname="com.externalApi.Dumps"/>
  <testcase name="login" time="0.001" classname="com.externalApi.Dumps"/>
  <testcase name="login" time="0.000" classname="com.externalApi.Dumps"/>
  <testcase name="login" time="0.001" classname="com.externalApi.Dumps"/>
  <testcase name="login" time="0.001" classname="com.externalApi.Dumps"/>
  <testcase name="login" time="0.001" classname="com.externalApi.Dumps"/>
  <testcase name="login" time="0.003" classname="com.externalApi.Dumps"/>
  <testcase name="login" time="0.001" classname="com.externalApi.Dumps"/>
  <testcase name="login" time="0.000" classname="com.externalApi.Dumps"/>
  <testcase name="login" time="0.000" classname="com.externalApi.Dumps"/>
  <testcase name="login" time="0.001" classname="com.externalApi.Dumps"/>
  <testcase name="login" time="0.001" classname="com.externalApi.Dumps"/>
  <testcase name="login" time="0.000" classname="com.externalApi.Dumps"/>
  <testcase name="login" time="0.001" classname="com.externalApi.Dumps"/>
  <testcase name="login" time="0.000" classname="com.externalApi.Dumps"/>
  <testcase name="login" time="0.000" classname="com.externalApi.Dumps"/>
  <testcase name="login" time="0.000" classname="com.externalApi.Dumps"/>
  <testcase name="login" time="0.000" classname="com.externalApi.Dumps"/>
  <testcase name="login" time="0.001" classname="com.externalApi.Dumps"/>
  <testcase name="login" time="0.001" classname="com.externalApi.Dumps"/>
  <testcase name="login" time="0.001" classname="com.externalApi.Dumps"/>
  <testcase name="login" time="0.000" classname="com.externalApi.Dumps"/>
  <testcase name="login" time="0.000" classname="com.externalApi.Dumps"/>
  <testcase name="login" time="0.001" classname="com.externalApi.Dumps"/>
  <testcase name="login" time="0.000" classname="com.externalApi.Dumps"/>
  <testcase name="login" time="0.001" classname="com.externalApi.Dumps"/>
  <testcase name="login" time="0.000" classname="com.externalApi.Dumps"/>
  <testcase name="login" time="0.000" classname="com.externalApi.Dumps"/>
  <testcase name="login" time="0.000" classname="com.externalApi.Dumps"/>
  <testcase name="login" time="0.001" classname="com.externalApi.Dumps"/>
  <testcase name="login" time="0.000" classname="com.externalApi.Dumps"/>
  <testcase name="login" time="0.001" classname="com.externalApi.Dumps"/>
  <testcase name="login" time="0.038" classname="com.externalApi.Dumps"/>
  <testcase name="login" time="0.000" classname="com.externalApi.Dumps"/>
  <testcase name="login" time="0.000" classname="com.externalApi.Dumps"/>
  <testcase name="login" time="0.002" classname="com.externalApi.Dumps"/>
  <testcase name="login" time="0.001" classname="com.externalApi.Dumps"/>
  <testcase name="login" time="0.000" classname="com.externalApi.Dumps"/>
  <testcase name="login" time="0.001" classname="com.externalApi.Dumps"/>
  <testcase name="login" time="0.002" classname="com.externalApi.Dumps"/>
  <testcase name="login" time="0.001" classname="com.externalApi.Dumps"/>
  <testcase name="login" time="0.001" classname="com.externalApi.Dumps"/>
  <testcase name="login" time="0.000" classname="com.externalApi.Dumps"/>
  <testcase name="login" time="0.001" classname="com.externalApi.Dumps"/>
  <testcase name="login" time="0.000" classname="com.externalApi.Dumps"/>
  <testcase name="login" time="0.001" classname="com.externalApi.Dumps"/>
  <testcase name="login" time="0.001" classname="com.externalApi.Dumps"/>
  <testcase name="login" time="0.001" classname="com.externalApi.Dumps"/>
  <testcase name="login" time="0.000" classname="com.externalApi.Dumps"/>
  <testcase name="login" time="0.004" classname="com.externalApi.Dumps"/>
  <testcase name="login" time="0.001" classname="com.externalApi.Dumps"/>
  <testcase name="login" time="0.000" classname="com.externalApi.Dumps"/>
  <testcase name="login" time="0.001" classname="com.externalApi.Dumps"/>
  <testcase name="login" time="0.003" classname="com.externalApi.Dumps"/>
  <testcase name="login" time="0.000" classname="com.externalApi.Dumps"/>
  <testcase name="login" time="0.000" classname="com.externalApi.Dumps"/>
  <testcase name="login" time="0.000" classname="com.externalApi.Dumps"/>
  <testcase name="login" time="0.001" classname="com.externalApi.Dumps"/>
  <testcase name="login" time="0.001" classname="com.externalApi.Dumps"/>
  <testcase name="login" time="0.000" classname="com.externalApi.Dumps"/>
  <testcase name="login" time="0.001" classname="com.externalApi.Dumps"/>
  <testcase name="login" time="0.003" classname="com.externalApi.Dumps"/>
  <testcase name="login" time="0.000" classname="com.externalApi.Dumps"/>
  <testcase name="login" time="0.001" classname="com.externalApi.Dumps"/>
  <testcase name="login" time="0.000" classname="com.externalApi.Dumps"/>
  <testcase name="login" time="0.000" classname="com.externalApi.Dumps"/>
  <testcase name="login" time="0.001" classname="com.externalApi.Dumps"/>
  <testcase name="login" time="0.001" classname="com.externalApi.Dumps"/>
  <testcase name="login" time="0.001" classname="com.externalApi.Dumps"/>
  <testcase name="login" time="0.001" classname="com.externalApi.Dumps"/>
  <testcase name="login" time="0.000" classname="com.externalApi.Dumps"/>
  <testcase name="login" time="0.001" classname="com.externalApi.Dumps"/>
  <testcase name="login" time="0.003" classname="com.externalApi.Dumps"/>
  <testcase name="login" time="0.000" classname="com.externalApi.Dumps"/>
  <testcase name="login" time="0.000" classname="com.externalApi.Dumps"/>
  <testcase name="login" time="0.000" classname="com.externalApi.Dumps"/>
  <testcase name="login" time="0.001" classname="com.externalApi.Dumps"/>
  <testcase name="login" time="0.001" classname="com.externalApi.Dumps"/>
  <testcase name="login" time="0.000" classname="com.externalApi.Dumps"/>
  <testcase name="login" time="0.001" classname="com.externalApi.Dumps"/>
  <testcase name="login" time="0.000" classname="com.externalApi.Dumps"/>
  <testcase name="login" time="0.001" classname="com.externalApi.Dumps"/>
  <testcase name="login" time="0.000" classname="com.externalApi.Dumps"/>
  <testcase name="login" time="0.000" classname="com.externalApi.Dumps"/>
  <testcase name="login" time="0.000" classname="com.externalApi.Dumps"/>
  <testcase name="login" time="0.000" classname="com.externalApi.Dumps"/>
  <testcase name="login" time="0.001" classname="com.externalApi.Dumps"/>
  <testcase name="login" time="0.001" classname="com.externalApi.Dumps"/>
  <testcase name="login" time="0.000" classname="com.externalApi.Dumps"/>
  <testcase name="login" time="0.002" classname="com.externalApi.Dumps"/>
  <testcase name="login" time="0.000" classname="com.externalApi.Dumps"/>
  <testcase name="login" time="0.000" classname="com.externalApi.Dumps"/>
  <testcase name="login" time="0.000" classname="com.externalApi.Dumps"/>
  <testcase name="login" time="0.001" classname="com.externalApi.Dumps"/>
  <testcase name="login" time="0.000" classname="com.externalApi.Dumps"/>
  <testcase name="login" time="0.001" classname="com.externalApi.Dumps"/>
  <testcase name="login" time="0.001" classname="com.externalApi.Dumps"/>
  <testcase name="login" time="0.001" classname="com.externalApi.Dumps"/>
  <testcase name="login" time="0.052" classname="com.externalApi.Dumps"/>
  <testcase name="login" time="0.074" classname="com.externalApi.Dumps"/>
  <testcase name="login" time="0.001" classname="com.externalApi.Dumps"/>
  <testcase name="login" time="0.000" classname="com.externalApi.Dumps"/>
  <testcase name="login" time="0.001" classname="com.externalApi.Dumps"/>
  <testcase name="login" time="0.001" classname="com.externalApi.Dumps"/>
  <testcase name="login" time="0.000" classname="com.externalApi.Dumps"/>
  <testcase name="login" time="0.001" classname="com.externalApi.Dumps"/>
  <testcase name="login" time="0.001" classname="com.externalApi.Dumps"/>
  <testcase name="login" time="0.000" classname="com.externalApi.Dumps"/>
  <testcase name="login" time="0.001" classname="com.externalApi.Dumps"/>
  <testcase name="login" time="0.000" classname="com.externalApi.Dumps"/>
  <testcase name="login" time="0.000" classname="com.externalApi.Dumps"/>
  <testcase name="login" time="0.001" classname="com.externalApi.Dumps"/>
  <testcase name="login" time="0.000" classname="com.externalApi.Dumps"/>
  <testcase name="login" time="0.000" classname="com.externalApi.Dumps"/>
  <testcase name="login" time="0.000" classname="com.externalApi.Dumps"/>
  <testcase name="login" time="0.000" classname="com.externalApi.Dumps"/>
  <testcase name="login" time="0.001" classname="com.externalApi.Dumps"/>
  <testcase name="login" time="0.001" classname="com.externalApi.Dumps"/>
  <testcase name="login" time="0.001" classname="com.externalApi.Dumps"/>
  <testcase name="login" time="0.001" classname="com.externalApi.Dumps"/>
  <testcase name="login" time="0.001" classname="com.externalApi.Dumps"/>
  <testcase name="login" time="0.001" classname="com.externalApi.Dumps"/>
  <testcase name="login" time="0.001" classname="com.externalApi.Dumps"/>
  <testcase name="login" time="0.001" classname="com.externalApi.Dumps"/>
  <testcase name="login" time="0.001" classname="com.externalApi.Dumps"/>
  <testcase name="login" time="0.000" classname="com.externalApi.Dumps"/>
  <testcase name="login" time="0.000" classname="com.externalApi.Dumps"/>
  <testcase name="login" time="0.001" classname="com.externalApi.Dumps"/>
  <testcase name="login" time="0.001" classname="com.externalApi.Dumps"/>
  <testcase name="login" time="0.000" classname="com.externalApi.Dumps"/>
  <testcase name="login" time="0.040" classname="com.externalApi.Dumps"/>
  <testcase name="login" time="0.001" classname="com.externalApi.Dumps"/>
  <testcase name="login" time="0.001" classname="com.externalApi.Dumps"/>
  <testcase name="login" time="0.000" classname="com.externalApi.Dumps"/>
  <testcase name="login" time="0.000" classname="com.externalApi.Dumps"/>
  <testcase name="login" time="0.004" classname="com.externalApi.Dumps"/>
  <testcase name="login" time="0.001" classname="com.externalApi.Dumps"/>
  <testcase name="login" time="0.001" classname="com.externalApi.Dumps"/>
  <testcase name="login" time="0.000" classname="com.externalApi.Dumps"/>
  <testcase name="login" time="0.000" classname="com.externalApi.Dumps"/>
  <testcase name="login" time="0.000" classname="com.externalApi.Dumps"/>
  <testcase name="login" time="0.001" classname="com.externalApi.Dumps"/>
  <testcase name="login" time="0.000" classname="com.externalApi.Dumps"/>
  <testcase name="login" time="0.001" classname="com.externalApi.Dumps"/>
  <testcase name="login" time="0.001" classname="com.externalApi.Dumps"/>
  <testcase name="login" time="0.001" classname="com.externalApi.Dumps"/>
  <testcase name="login" time="0.000" classname="com.externalApi.Dumps"/>
</testsuite> <!-- com.externalApi.Dumps -->
